Solution:   Unlet variables.
Files:      src/testdir/test_vim9_script.vim

Patch 8.2.2089
Problem:    Libvterm test fails to build on Mac.
Solution:   Adjust configure to remove a space between -L and the path that
            follows.
Files:      src/configure.ac, src/auto/configure

Patch 8.2.2090
Problem:    Vim9: dict does not accept a key in quotes.
Solution:   Recognize a key in single or double quotes.
Files:      runtime/doc/vim9.txt, src/dict.c, src/proto/dict.pro,
            src/vim9compile.c, src/testdir/test_vim9_expr.vim

Patch 8.2.2091
Problem:    MS-Windows: build warnings.
Solution:   Add a #pragma to suppress the deprecation warning. (Ken Takata)
            Avoid using a non-ASCII character. (closes #7421)
Files:      src/message.c, src/os_win32.c

Patch 8.2.2092
Problem:    Vim9: unpredictable errors for script tests.
Solution:   Use a different script file name for each run.
Files:      src/testdir/vim9.vim, src/testdir/test_vim9_script.vim,
            src/testdir/test_vim9_func.vim, src/testdir/test_quickfix.vim,
            src/testdir/test_vim9_assign.vim

Patch 8.2.2093
Problem:    Vim9: script test sometimes fails.
Solution:   Do not find a script variable by its typval if the name was
            cleared.
Files:      src/vim9script.c

Patch 8.2.2094
Problem:    When an expression fails getting the next command may be wrong.
Solution:   Do not check for a next command after :eval fails. (closes #7415)
Files:      src/eval.c, src/testdir/test_vim9_cmd.vim

Patch 8.2.2095
Problem:    Vim9: crash when failed dict member is followed by concatenation.
Solution:   Remove the dict from the stack. (closes #7416)
Files:      src/vim9execute.c, src/testdir/test_vim9_func.vim

Patch 8.2.2096
Problem:    Vim9: command modifiers not restored after assignment.
Solution:   Jump to nextline instead of using continue.
Files:      src/vim9compile.c, src/vim9execute.c,
            src/testdir/test_vim9_func.vim

Patch 8.2.2097
Problem:    Vim9: using :silent! when calling a function prevents aborting
            that function.
Solution:   Add emsg_silent_def and did_emsg_def.
Files:      src/globals.h, src/message.c, src/vim9execute.c,
            src/testdir/test_vim9_func.vim

Patch 8.2.2098
Problem:    Vim9: function argument of sort() and map() not tested.
Solution:   Add a couple of tests.
Files:      src/testdir/test_vim9_builtin.vim

Patch 8.2.2099
Problem:    Vim9: some checks are not tested.
Solution:   Add a few more tests.  Give better error messages.
Files:      src/vim9compile.c, src/testdir/test_vim9_script.vim,
            src/testdir/test_vim9_expr.vim

Patch 8.2.2100
Problem:    Insufficient testing for function range and dict.
Solution:   Add a few tests. (Dominique Pellé, closes #7428)
Files:      src/testdir/test_functions.vim, src/testdir/test_lambda.vim,
            src/testdir/test_signals.vim, src/testdir/test_user_func.vim

Patch 8.2.2101
Problem:    Vim9: memory leak when literal dict has an error and when an
            expression is not complete.
Solution:   Clear the typval and the growarray.
Files:      src/dict.c, src/vim9compile.c

Patch 8.2.2102
Problem:    Vim9: not all error messages tested.
Solution:   Add a few test cases.
Files:      src/testdir/test_vim9_func.vim

Patch 8.2.2103
Problem:    Vim9: unreachable code.
Solution:   Remove the code to prepend s: to the variable name
Files:      src/vim9compile.c

Patch 8.2.2104
Problem:    Build problem with Ruby 2.7.
Solution:   Adjust function declarations. (Ozaki Kiichi, closes #7430)
Files:      src/configure.ac, src/auto/configure, src/if_ruby.c

Patch 8.2.2105
Problem:    Sound test is a bit flaky.
Solution:   Use WaitForAssert(). (Dominique Pellé, closes #7429)
Files:      src/testdir/test_sound.vim

Patch 8.2.2106
Problem:    TOML files are not recognized.
Solution:   Match *.toml. (issue #7432)
Files:      runtime/filetype.vim, src/testdir/test_filetype.vim

Patch 8.2.2107
Problem:    Vim9: some errors not tested.
Solution:   Add tests.  Fix getting the right error.
Files:      src/vim9compile.c, src/testdir/test_vim9_assign.vim,
            src/testdir/test_vim9_expr.vim

Patch 8.2.2108
Problem:    Vim9: no test to check for :let error.
Solution:   Add a test.  Rename tests from _let_ to _var_.
Files:      src/testdir/test_vim9_assign.vim

Patch 8.2.2109
Problem:    "vim -" does not work well when modifyOtherKeys is enabled and a
            shell command is executed on startup.
Solution:   Only change modifyOtherKeys when executing a shell command in raw
            mode.
Files:      src/os_unix.c

Patch 8.2.2110
Problem:    Cannot use ":shell" when reading from stdin. (Gary Johnson)
Solution:   Revert patch 8.2.1833.
Files:      src/main.c

Patch 8.2.2111
Problem:    GTK: Menu background is the same color as the main window.
Solution:   Fix white space around the text in another way. (closes #7437,
            closes #7427)
Files:      src/gui_gtk_x11.c

Patch 8.2.2112
Problem:    Running tests may leave some files behind.
Solution:   Delete the right files.  Fix a few typos. (Dominique Pellé,
            closes #7436)
Files:      src/testdir/test_filetype.vim, src/testdir/test_messages.vim,
            src/testdir/test_mksession.vim

Patch 8.2.2113
Problem:    MS-Windows GUI: crash after using ":set guifont=" four times.
Solution:   Check for NULL pointer. (Ken Takata, closes #7434)
Files:      src/gui_dwrite.cpp, src/testdir/test_gui.vim

Patch 8.2.2114
Problem:    Vim9: unreachable code in assignment.
Solution:   Remove impossible condition and code.
Files:      src/vim9compile.c

Patch 8.2.2115
Problem:    Vim9: some errors not tested for; dead code.
Solution:   Add a test.  Remove dead code.
Files:      src/vim9compile.c, src/testdir/test_vim9_assign.vim

Patch 8.2.2116
Problem:    MS-Windows GUI: test for 'guifont' is incomplete.
Solution:   Set 'renderoptions'. (Christian Brabandt)
Files:      src/testdir/test_gui.vim

Patch 8.2.2117
Problem:    Some functions use any value as a string.
Solution:   Check that the value is a non-empty string.
Files:      src/typval.c, src/proto/typval.pro, src/mbyte.c, src/filepath.c,
            src/testdir/test_vim9_builtin.vim, src/testdir/test_vim9_expr.vim

Patch 8.2.2118
Problem:    Dead code in the job support. (Dominique Pellé)
Solution:   Define USE_ARGV before checking for it.
Files:      src/job.c

Patch 8.2.2119
Problem:    GTK3: status line background color is wrong.
Solution:   Don't change the code for earlier GTK3 versions. (closes #7444)
Files:      src/gui_gtk_x11.c

Patch 8.2.2120
Problem:    Not all Perl functionality is tested.
Solution:   Add a few more test cases. (Dominique Pellé, closes #7440)
Files:      src/testdir/test_perl.vim

Patch 8.2.2121
Problem:    Internal error when using \ze before \zs in a pattern.
Solution:   Check the end is never before the start. (closes #7442)
Files:      src/regexp_bt.c, src/regexp_nfa.c,
            src/testdir/test_regexp_latin.vim

Patch 8.2.2122
Problem:    Vim9: crash when sourcing vim9script early.
Solution:   Use set_option_value() instead of setting p_cpo directly.
            (closes #7441)
Files:      src/scriptfile.c, src/testdir/test_vim9_script.vim

Patch 8.2.2123
Problem:    After using a complete popup the buffer is listed. (Boris
            Staletic)
Solution:   Make the buffer unlisted.
Files:      src/popupmenu.c, src/testdir/test_popupwin.vim

Patch 8.2.2124
Problem:    Vim9: a range cannot be computed at runtime.
Solution:   Add the ISN_RANGE instruction.
Files:      src/vim9.h, src/vim9compile.c, src/vim9execute.c,
            src/testdir/test_vim9_script.vim,
            src/testdir/test_vim9_disassemble.vim

Patch 8.2.2125 (after 8.2.2122)
Problem:    Vim9: leaking memory.
Solution:   Free the saved 'cpo' value.
Files:      src/scriptfile.c

Patch 8.2.2126
Problem:    Ruby: missing function prototype.
Solution:   Add the prototype.
Files:      src/if_ruby.c

Patch 8.2.2127
Problem:    Vim9: executing user command defined in Vim9 script not tested.
Solution:   Add a test.
Files:      src/testdir/test_vim9_script.vim

Patch 8.2.2128
Problem:    There is no way to do something on CTRL-Z.
Solution:   Add VimSuspend and VimResume autocommand events. (closes #7450)
Files:      runtime/doc/autocmd.txt, src/autocmd.c, src/ex_docmd.c,
            src/normal.c, src/testdir/test_suspend.vim, src/vim.h

Patch 8.2.2129
Problem:    MS-Windows: Checking if a file name is absolute is slow.
Solution:   Do not use mch_FullName(). (closes #7033)
Files:      src/os_mswin.c

Patch 8.2.2130
Problem:    Insert mode completion messages end up in message history.
Solution:   Set msg_hist_off. (closes #7452)
Files:      src/insexpand.c, src/testdir/test_ins_complete.vim

Patch 8.2.2131
Problem:    Vim9: crash when lambda uses same var as assignment.
Solution:   Do not let lookup_local change lv_from_outer, make a copy.
            (closes #7461)
Files:      src/vim9compile.c, src/ex_docmd.c, src/proto/ex_docmd.pro,
            src/evalvars.c, src/proto/evalvars.pro,
            src/testdir/test_vim9_func.vim

Patch 8.2.2132
Problem:    Padding not drawn properly for popup window with title.
Solution:   Draw the padding below the title. (closes #7460)
Files:      src/popupwin.c, src/testdir/test_popupwin.vim,
            src/testdir/dumps/Test_popupwin_longtitle_3.dump,
            src/testdir/dumps/Test_popupwin_longtitle_4.dump

Patch 8.2.2133
Problem:    Vim9: checking for a non-empty string is too strict.
Solution:   Check for any string. (closes #7447)
Files:      src/typval.c, src/proto/typval.pro, src/errors.h, src/filepath.c,
            src/testdir/test_vim9_builtin.vim

Patch 8.2.2134
Problem:    Vim9: get E1099 when autocmd triggered in builtin function.
Solution:   Check that did_emsg increased instead of checking that it changed.
            (closes #7448)
Files:      src/vim9execute.c, src/testdir/test_vim9_func.vim

Patch 8.2.2135
Problem:    Vim9: #{ still seen as start of dict in some places.
Solution:   Remove check for { after #. (closes #7456)
Files:      src/ex_docmd.c, src/testdir/test_vim9_script.vim

Patch 8.2.2136
Problem:    Vim9: Using uninitialized variable.
Solution:   Initialize "len" to zero.  Clean up fnamemodify().
Files:      src/filepath.c

Patch 8.2.2137
Problem:    Vim9: :echo and :execute give error for empty argument.
Solution:   Ignore an empty argument. (closes #7468)
Files:      src/vim9compile.c, src/errors.h, src/testdir/test_vim9_script.vim,
            src/testdir/test_vim9_disassemble.vim

Patch 8.2.2138
Problem:    Vim9: "exit_cb" causes Vim to exit.
Solution:   Require white space after a command in Vim9 script. (closes #7467)
            Also fix that Vim9 style heredoc was not always recognized.
Files:      src/ex_cmds.h, src/ex_docmd.c, src/errors.h, src/userfunc.c,
            src/testdir/test_vim9_assign.vim,
            src/testdir/test_vim9_script.vim, src/testdir/test_let.vim

Patch 8.2.2139
Problem:    Vim9: unreachable code in assignment.
Solution:   Don't check "new_local" when "has_index" is set.  Add test for
            wrong type of list index.
Files:      src/vim9compile.c, src/testdir/test_vim9_assign.vim

Patch 8.2.2140
Problem:    Build failure with tiny features.
Solution:   Add #ifdef.
Files:      src/ex_docmd.c

Patch 8.2.2141
Problem:    A user command with try/catch may not catch an expression error.
Solution:   When an expression fails check for following "|". (closes #7469)
Files:      src/eval.c, src/testdir/test_trycatch.vim,
            src/testdir/test_vimscript.vim

Patch 8.2.2142
Problem:    Memory leak when heredoc is not terminated.
Solution:   Free heredoc_trimmed.
Files:      src/userfunc.c

Patch 8.2.2143
Problem:    Vim9: dead code in compiling :unlet.
Solution:   Don't check for "!" a second time.
Files:      src/vim9compile.c

Patch 8.2.2144
Problem:    Vim9: some corner cases not tested.
Solution:   Add a few tests.
Files:      src/testdir/test_vim9_script.vim, src/testdir/test_vim9_cmd.vim

Patch 8.2.2145
Problem:    Vim9: concatenating lists does not adjust type of result.
Solution:   When list member types differ use "any" member type.
            (closes #7473)
Files:      src/vim9compile.c, src/testdir/test_vim9_expr.vim

Patch 8.2.2146
Problem:    Vim9: automatic conversion of number to string for dict key.
Solution:   Do not convert number to string. (closes #7474)
Files:      src/dict.c, src/testdir/test_vim9_expr.vim

Patch 8.2.2147
Problem:    Quickfix window title not updated in all tab pages.
Solution:   Update the quickfix window title in all tab pages. (Yegappan
            Lakshmanan, closes #7481, closes #7466)
Files:      src/quickfix.c, src/testdir/test_quickfix.vim

Patch 8.2.2148
Problem:    Vim9: crash when user command doesn't match.
Solution:   Adjust command index. (closes #7479)
Files:      src/ex_docmd.c, src/testdir/test_vim9_cmd.vim

Patch 8.2.2149
Problem:    Popupwin test for latin1 sometimes fails.
Solution:   Wait for the script to finish.
Files:      src/testdir/test_popupwin.vim

Patch 8.2.2150
Problem:    Github actions CI isn't used for all available platforms.
Solution:   Update the github workflows. (Ozaki Kiichi, closes #7433)
Files:      .coveralls.yml, .github/workflows/ci-windows.yaml,
            .github/workflows/ci.yml, .travis.yml, README.md,
            ci/build-snd-dummy.sh, ci/setup-xvfb.sh

Patch 8.2.2151
Problem:    $dir not expanded when configure checks for moonjit.
Solution:   Use double quotes instead of single quotes. (closes #7478)
Files:      src/configure.ac, src/auto/configure

Patch 8.2.2152
Problem:    screenpos() does not include the WinBar offset.
Solution:   Use W_WINROW() instead of directly using w_window. (closes #7487)
Files:      src/move.c, src/testdir/test_cursor_func.vim

Patch 8.2.2153
Problem:    Popupwin test for latin1 still fails sometimes.
Solution:   Wait for the "cat" command to finish.
Files:      src/testdir/test_popupwin.vim

Patch 8.2.2154
Problem:    Popupwin test for terminal buffer fails sometimes.
Solution:   Wait for the prompt to appear.
Files:      src/testdir/test_popupwin.vim

Patch 8.2.2155
Problem:    Warning from Github actions for code analysis.
Solution:   Remove the "git checkout HEAD^2" block.
Files:      .github/workflows/codeql-analysis.yml

Patch 8.2.2156
Problem:    Github actions run on pushing a tag.
Solution:   Don't run CI on tag push. Omit coveralls on pull-request.
            (Ozaki Kiichi, closes #7489)
Files:      .github/workflows/ci.yml, .github/workflows/codeql-analysis.yml

Patch 8.2.2157
Problem:    Vim9: can delete a Vim9 script variable from a function.
Solution:   Check the variable is defined in Vim9 script. (closes #7483)
Files:      src/evalvars.c, src/testdir/test_vim9_assign.vim

Patch 8.2.2158
Problem:    CI on cirrus times out, coveralls doesn't always run.
Solution:   Set timeout to 20 minutes. Adjust condition. (closes #7493)
Files:      .cirrus.yml, .github/workflows/ci.yml

Patch 8.2.2159
Problem:    Vim9: when declaring a list it is not allocated yet, causing a
            following extend() to fail.
Solution:   When fetching a variable value for a list or dict that is null
            allocate the list or dict, so it can be used. (closes #7491)
Files:      src/vim9execute.c, src/testdir/test_vim9_assign.vim

Patch 8.2.2160
Problem:    Various typos.
Solution:   Fix spelling mistakes. (closes #7494)
Files:      src/bufwrite.c, src/cindent.c, src/cmdexpand.c, src/eval.c,
            src/ex_cmds.c, src/feature.h, src/getchar.c, src/gui_haiku.cc,
            src/gui_xmdlg.c, src/help.c, src/if_ole.cpp, src/insexpand.c,
            src/list.c, src/map.c, src/memline.c, src/normal.c,
            src/os_win32.c, src/search.c, src/term.c,
            src/testdir/test_arglist.vim, src/testdir/test_autocmd.vim,
            src/testdir/test_debugger.vim, src/testdir/test_increment.vim,
            src/testdir/test_menu.vim, src/testdir/test_netbeans.vim,
            src/testdir/test_popupwin.vim, src/testdir/test_python2.vim,
            src/testdir/test_python3.vim, src/testdir/test_sort.vim,
            src/testdir/test_terminal2.vim, src/testdir/test_terminal3.vim,
            src/testdir/test_vartabs.vim, src/testdir/test_vimscript.vim,
            src/textprop.c, src/userfunc.c, src/vim9.h, src/vim9compile.c,
            src/vim9execute.c

Patch 8.2.2161
Problem:    Arguments -T and -x not tested yet.
Solution:   Add a test. (Dominique Pellé, closes #7490)
Files:      src/testdir/test_startup.vim

Patch 8.2.2162
Problem:    Vim9: Cannot load or store autoload variables.
Solution:   Add ISN_LOADAUTO and ISN_STOREAUTO. (closes #7485)
Files:      src/vim9compile.c, src/vim9.h, src/vim9execute.c, src/dict.c,
            src/eval.c, src/evalvars.c, src/proto/evalvars.pro,
            src/testdir/test_vim9_disassemble.vim,
            src/testdir/test_vim9_script.vim

Patch 8.2.2163
Problem:    Crash when discarded exception is the current exception.
Solution:   Compare the exception with current_exception. (closes #7499)
Files:      src/ex_eval.c

Patch 8.2.2164
Problem:    Vim9: autoload function doesn't work in script that starts with
            an upper case letter.
Solution:   Check for the autoload character. (closes #7502)
Files:      src/userfunc.c, src/testdir/test_vim9_script.vim

Patch 8.2.2165
Problem:    Vim9: assignment to dict member does not work.
Solution:   Fix recognizing dict member. (closes #7484)
Files:      src/ex_docmd.c, src/eval.c, src/evalvars.c, src/vim.h

Patch 8.2.2166
Problem:    Auto format doesn't work when deleting text.
Solution:   Make "x" trigger auto format. (closes #7504)
Files:      src/ops.c, src/testdir/test_textformat.vim

Patch 8.2.2167
Problem:    Vim9: assign test fails. (Elimar Riesebieter)
Solution:   Adjust the test for dict assignment.
Files:      src/testdir/test_vim9_assign.vim

Patch 8.2.2168
Problem:    Vim9: error for assigning to dict of dict.
Solution:   Remember the destination type. (closes #7506)
Files:      src/vim9compile.c, src/testdir/test_vim9_assign.vim

Patch 8.2.2169
Problem:    Vim9: test leaves file behind.
Solution:   Rename script files. (Dominique Pellé, closes #7511)
            Use try/finally.
Files:      src/testdir/test_vim9_script.vim, src/testdir/vim9.vim

Patch 8.2.2170
Problem:    Vim9: a global function defined in a :def function fails if it
            uses the context.
Solution:   Create a partial to store the closure context. (see #7410)
Files:      src/userfunc.c, src/proto/userfunc.pro, src/vim9execute.c,
            src/structs.h, src/testdir/test_vim9_func.vim

Patch 8.2.2171
Problem:    Valgrind warning for using uninitialized value.
Solution:   Do not use "startp" or "endp" unless there is a match.
Files:      src/regexp_nfa.c

Patch 8.2.2172
Problem:    Vim9: number of arguments is not always checked. (Yegappan
            Lakshmanan)
Solution:   Check number of arguments when calling function by name.
Files:      src/userfunc.c, src/proto/userfunc.pro, src/vim9execute.c,
            src/testdir/test_vim9_func.vim, src/testdir/test_vim9_script.vim

Patch 8.2.2173
Problem:    Vim9: get internal error when assigning to undefined variable.
Solution:   Add error message. (closes #7475)
Files:      src/vim9compile.c, src/vim9execute.c, src/errors.h,
            src/testdir/test_vim9_cmd.vim

Patch 8.2.2174
Problem:    Mac version doesn't specify the CPU architecture.
Solution:   Add "arm64" or "x86_64". (Yee Cheng Chin, closes #7519)
Files:      src/version.c

Patch 8.2.2175
Problem:    Github actions: clang-11 handling suboptimal.
Solution:   Separate step of installing clang-11. Get ubuntu release name
            dynamically. (Ozaki Kiichi, closes #7514)
Files:      .github/workflows/ci.yml

Patch 8.2.2176
Problem:    Crash with a sequence of fold commands.
Solution:   Bail out when there are no folds at all.  Add a test (Dominique
            Pellé) (closes #7515)
Files:      src/fold.c, src/testdir/test_fold.vim

Patch 8.2.2177
Problem:    Pattern "^" does not match if the first character in the line is
            combining. (Rene Kita)
Solution:   Do accept a match at the start of the line. (closes #6963)
Files:      src/regexp_nfa.c, src/testdir/test_regexp_utf8.vim

Patch 8.2.2178
Problem:    Python 3: non-utf8 character cannot be handled.
Solution:   Change the string decode. (Björn Linse, closes #1053)
Files:      src/if_py_both.h, src/if_python.c, src/if_python3.c,
            src/testdir/test_python3.vim, src/testdir/test_python2.vim

Patch 8.2.2179
Problem:    Vim9: crash when indexing a dict with a number.
Solution:   Add ISN_STOREINDEX. (closes #7513)
Files:      src/vim9compile.c, src/vim9execute.c, src/vim9.h,
            src/errors.h, src/testdir/test_vim9_assign.vim,
            src/testdir/test_vim9_disassemble.vim

Patch 8.2.2180
Problem:    Vim9: test for error after error is flaky.
Solution:   Wait for job to finish instead of a fixed delay.
Files:      src/testdir/test_vim9_script.vim

Patch 8.2.2181
Problem:    Valgrind warnings for using uninitialized value.
Solution:   Do not use "start" or "end" unless there is a match.
Files:      src/regexp_nfa.c, src/regexp_bt.c

Patch 8.2.2182
Problem:    Vim9: value of 'magic' is still relevant.
Solution:   Always behave like 'magic' is on in Vim9 script (closes #7509)
Files:      src/option.c, src/proto/option.pro, src/arglist.c, src/buffer.c,
            src/cmdexpand.c, src/ex_cmds.c, src/ex_docmd.c, src/ex_getln.c,
            src/insexpand.c, src/normal.c, src/search.c, src/tag.c,
            src/structs.h, src/globals.h, src/ex_cmds.h,
            src/testdir/test_vim9_cmd.vim

Patch 8.2.2183
Problem:    Vim9: value of 'edcompatible' and 'gdefault' are used.
Solution:   Ignore these deprecated options in Vim9 script. (closes #7508)
Files:      src/ex_cmds.c, src/testdir/test_vim9_cmd.vim

Patch 8.2.2184
Problem:    Vim9: no error when using "2" for a line number.
Solution:   Give an error message if the line number is invalid. (closes #7492)
Files:      src/typval.c, src/evalfunc.c, src/testdir/test_vim9_builtin.vim,
            src/testdir/test_cursor_func.vim

Patch 8.2.2185
Problem:    BufUnload is not triggered for the quickfix dummy buffer.
Solution:   Do trigger BufUnload. (Pontus Leitzler, closes #7518, closes #7517)
            Fix white space around "=".
Files:      src/quickfix.c, src/testdir/test_autocmd.vim

Patch 8.2.2186
Problem:    Vim9: error when using 'opfunc'.
Solution:   Do not expect a return value from 'opfunc'. (closes #7510)
Files:      src/eval.c, src/proto/eval.pro, src/ops.c,
            src/testdir/test_vim9_func.vim

Patch 8.2.2187
Problem:    Python 3 test fails sometimes. (Christian Brabandt)
Solution:   Accept two SystemError messages.
Files:      src/testdir/test_python3.vim

Patch 8.2.2188
Problem:    Vim9: crash when calling global function from :def function.
Solution:   Set the outer context.  Define the partial for the context on the
            original function. Use a refcount to keep track of which ufunc is
            using a dfunc. (closes #7525)
Files:      src/vim9compile.c, src/proto/vim9compile.pro, src/vim9execute.c,
            src/proto/vim9execute.pro, src/userfunc.c, src/proto/userfunc.pro,
            src/structs.h, src/vim9.h, src/testdir/test_vim9_func.vim

Patch 8.2.2189
Problem:    Cannot repeat a command that uses the small delete register.
Solution:   Store the register name instead of the contents. (Christian
            Brabandt, closes #7527)
Files:      src/ops.c, src/register.c, src/testdir/test_registers.vim

Patch 8.2.2190
Problem:    Vim9: crash when compiled with EXITFREE.
Solution:   Check that df_ufunc is not NULL.
Files:      src/vim9compile.c, src/testdir/test_vim9_func.vim

Patch 8.2.2191
Problem:    Vim9: using wrong name with lambda in nested function.
Solution:   Copy the lambda name earlier. (closes #7525)
Files:      src/vim9compile.c, src/testdir/test_vim9_func.vim

Patch 8.2.2192
Problem:    Codecov on github actions fails.
Solution:   Revert to codecov script. (Ozaki Kiichi, closes #7529)
Files:      Filelist, .github/workflows/ci.yml

Patch 8.2.2193
Problem:    Vim9: can change constant in :def function.
Solution:   Check if a variable is locked. (issue #7526)
Files:      src/evalvars.c, src/proto/evalvars.pro, src/vim9execute.c,
            src/testdir/test_vim9_func.vim

Patch 8.2.2194
Problem:    Vim9: cannot use :const or :final at the script level.
Solution:   Support using :const and :final. (closes #7526)
Files:      src/vim.h, src/evalvars.c, src/testdir/test_vim9_assign.vim,
            src/testdir/test_vim9_func.vim

Patch 8.2.2195
Problem:    Failing tests for :const.
Solution:   Add missing check for ASSIGN_FINAL.
Files:      src/eval.c, src/evalvars.c, src/testdir/test_vim9_func.vim

Patch 8.2.2196
Problem:    :version output has extra spaces in compile and link command.
Solution:   Adjust QUOTESED. (closes #7505)
Files:      src/configure.ac, src/auto/configure

Patch 8.2.2197
Problem:    Assert arguments order reversed.
Solution:   Swap the arguments. (Christian Brabandt, closes #7531)
Files:      src/testdir/test_registers.vim

Patch 8.2.2198
Problem:    ml_get error when resizing window and using text property.
Solution:   Validate botline of the right window. (closes #7528)
Files:      src/move.c, src/proto/move.pro, src/textprop.c,
            src/testdir/test_textprop.vim

Patch 8.2.2199
Problem:    First write after setting 'eol' does not have NL added. (Tomáš
            Janoušek)
Solution:   Only use b_no_eol_lnum when doing a binary write. (closes #7535)
Files:      src/bufwrite.c, src/testdir/test_writefile.vim

Patch 8.2.2200
Problem:    Vim9: lambda without white space around -> is confusing.
Solution:   Require white space in a :def function. (issue #7503)
Files:      src/vim9compile.c, src/testdir/test_vim9_expr.vim,
            src/testdir/test_vim9_disassemble.vim

Patch 8.2.2201
Problem:    Write file test fails on MS-Windows.
Solution:   Force edit after setting 'fileformat'.
Files:      src/testdir/test_writefile.vim

Patch 8.2.2202
Problem:    Write file test still fails on MS-Windows.
Solution:   Set fileformat with the :edit command
Files:      src/testdir/test_writefile.vim

Patch 8.2.2203
Problem:    Moodle gift files are not recognized.
Solution:   Add a filetype pattern. (Delim Temizer)
Files:      runtime/filetype.vim, src/testdir/test_filetype.vim

Patch 8.2.2204
Problem:    Vim9: using -> both for method and lambda is confusing.
Solution:   Use => for lambda in :def function.
Files:      runtime/doc/vim9.txt, src/vim9compile.c, src/userfunc.c,
            src/testdir/test_vim9_expr.vim

Patch 8.2.2205
Problem:    Vim9: memory leak when parsing lambda fails.
Solution:   Clear growarrays.
Files:      src/userfunc.c

Patch 8.2.2206
Problem:    :exe command line completion only works for first argument.
Solution:   Skip over text if more is following. (closes #7546)
Files:      src/eval.c, src/testdir/test_cmdline.vim

Patch 8.2.2207
Problem:    Illegal memory access if popup menu items are changed while the
            menu is visible. (Tomáš Janoušek)
Solution:   Make a copy of the text. (closes #7537)
Files:      src/popupmenu.c, src/testdir/test_popup.vim,
            src/testdir/dumps/Test_popup_command_04.dump,
            src/testdir/dumps/Test_popup_command_05.dump

Patch 8.2.2208
Problem:    Vim9: after reloading a script variable index may be invalid.
Solution:   When the sequence number doesn't match give an error for using a
            script-local variable from a compiled function. (closes #7547)
Files:      src/vim9.h, src/structs.h, src/errors.h, src/vim9compile.c,
            src/vim9execute.c, src/scriptfile.c,
            src/testdir/test_vim9_script.vim

Patch 8.2.2209
Problem:    Vim9: return type of => lambda not parsed.
Solution:   Parse and use the return type.
Files:      src/vim9compile.c, src/userfunc.c, src/vim9type.c,
            src/proto/vim9type.pro, src/vim9script.c, src/eval.c,
            src/testdir/test_vim9_expr.vim

Patch 8.2.2210
Problem:    Vim9: allocating a type to set TTFLAG_BOOL_OK.
Solution:   Add t_number_bool.
Files:      src/globals.h, src/vim9type.c, src/vim9compile.c

Patch 8.2.2211
Problem:    MS-Windows: can't load Python dll if not in the path.
Solution:   Use the InstallPath registry entry. (Kelvin Lee, closes #7540)
Files:      src/if_python3.c

Patch 8.2.2212
Problem:    Vim9: lambda with => does not work at the script level.
Solution:   Make it work.
Files:      src/eval.c, src/vim9type.c, src/userfunc.c,
            src/testdir/test_vim9_assign.vim, src/testdir/test_vim9_expr.vim

Patch 8.2.2213
Problem:    Checking white space around -> is not backwards compatible.
Solution:   Only check white space around =>.
Files:      src/userfunc.c

Patch 8.2.2214
Problem:    ":e#" does not give a warning for missing white space.
Solution:   Adjust the check for white space. (closes #7545)
Files:      src/ex_docmd.c, src/testdir/test_vim9_script.vim

Patch 8.2.2215
Problem:    Vim9: `=expr` not recognized in global command.
Solution:   Skip over pattern. (issue #7541)
Files:      src/vim9compile.c, src/testdir/test_vim9_cmd.vim

Patch 8.2.2216
Problem:    Vim9: range with missing colon can be hard to spot.
Solution:   Include the start of the range in the error. (closes #7543)
Files:      src/errors.h, src/ex_docmd.c, src/vim9compile.c,
            src/testdir/test_vim9_cmd.vim

Patch 8.2.2217
Problem:    Vim9: command modifiers not restored in catch block.
Solution:   Restore command modifiers. (closes #7542)
Files:      src/vim9execute.c, src/testdir/test_vim9_cmd.vim

Patch 8.2.2218
Problem:    Vim9: failure if passing more arguments to a lambda than expected.
Solution:   Only put expected arguments on the stack. (closes #7548)
Files:      src/vim9execute.c, src/testdir/test_vim9_builtin.vim

Patch 8.2.2219
Problem:    Vim9: method call with expression not supported.
Solution:   Implement expr->(expr)().
Files:      src/vim9compile.c, src/testdir/test_vim9_expr.vim

Patch 8.2.2220
Problem:    Vim9: memory leak when parsing nested parenthesis.
Solution:   Clear newargs.
Files:      src/userfunc.c

Patch 8.2.2221
Problem:    If <Down> is mapped on the command line 'wildchar' is inserted.
Solution:   Set KeyTyped when using 'wildchar'. (closes #7552)
Files:      src/cmdexpand.c, src/testdir/test_cmdline.vim

Patch 8.2.2222
Problem:    Vim9: cannot keep script variables when reloading.
Solution:   Add the "noclear" argument to :vim9script.
Files:      runtime/doc/vim9.txt, src/structs.h, src/scriptfile.c,
            src/vim9script.c, src/ex_cmds.h, src/ex_docmd.c,
            src/testdir/test_vim9_script.vim

Patch 8.2.2223
Problem:    Vim9: Reloading marks a :def function as deleted.
Solution:   Clear the function contents but keep the index.
Files:      runtime/doc/vim9.txt, src/vim9compile.c, src/userfunc.c,
            src/testdir/test_vim9_script.vim

Patch 8.2.2224
Problem:    Vim9: crash if script reloaded with different variable type.
Solution:   Check the type when accessing the variable.
Files:      src/vim9execute.c, src/vim9compile.c, src/vim9.h, src/vim9type.c,
            src/proto/vim9type.pro, src/errors.h, src/evalvars.c,
            src/vim9script.c, src/proto/vim9script.pro,
            src/testdir/test_vim9_script.vim

Patch 8.2.2225
Problem:    Vim9: error when using :import in legacy script twice.
Solution:   Make it possible to redefine an import when reloading.
Files:      src/vim9script.c, src/proto/vim9script.pro, src/structs.h,
            src/evalvars.c, src/vim9compile.c,
            src/testdir/test_vim9_script.vim

Patch 8.2.2226
Problem:    Vim9: script test fails.
Solution:   Add missing change.
Files:      src/scriptfile.c

Patch 8.2.2227
Problem:    Vim9: recognizing lambda is too complicated.
Solution:   Call compile_lambda() and check for NOTDONE.
Files:      src/vim9compile.c, src/userfunc.c, src/testdir/test_vim9_expr.vim

Patch 8.2.2228
Problem:    Vim9: cannot use ":e #" because # starts a comment.
Solution:   Support using %% instead of #.
Files:      src/ex_docmd.c, src/testdir/test_vim9_cmd.vim

Patch 8.2.2229
Problem:    build failure without the +eval feature.
Solution:   Add #ifdef.
Files:      src/ex_docmd.c

Patch 8.2.2230
Problem:    Vim9: insert completion runs into error.
Solution:   Insert colon before range. (closes #7556)
Files:      src/insexpand.c, src/testdir/test_vim9_cmd.vim

Patch 8.2.2231
Problem:    When "--remote file" is used "file" is not reloaded.
Solution:   When a :drop command is used for a file that is already displayed
            in a window and it has not been changed, check if it needs to be
            reloaded. (closes #7560)
Files:      src/ex_cmds.c, src/testdir/test_clientserver.vim

Patch 8.2.2232
Problem:    Compiler error for falling through into next case.
Solution:   Move FALLTHROUGH below the #endif
Files:      src/ex_docmd.c

Patch 8.2.2233
Problem:    Cannot convert a byte index into a character index.
Solution:   Add charidx(). (Yegappan Lakshmanan, closes #7561)
Files:      runtime/doc/eval.txt, runtime/doc/usr_41.txt, src/evalfunc.c,
            src/testdir/test_functions.vim

Patch 8.2.2234
Problem:    Command line wildmenu test often fails with Unix GUI.
Solution:   Skip the test where it is expected to fail.
Files:      src/testdir/test_cmdline.vim

Patch 8.2.2235
Problem:    Build failure with some Ruby versions.
Solution:   Adjust the code for Ruby 3.0. (Ozaki Kiichi, closes #7564)
Files:      ci/config.mk.clang.sed, src/if_ruby.c

Patch 8.2.2236
Problem:    'scroll' option can change when setting the statusline or tabline
            but the option context is not updated.
Solution:   Update the script context when the scroll option is changed as a
            side effect. (Christian Brabandt, closes #7533)
Files:      runtime/doc/options.txt, src/scriptfile.c,
            src/testdir/test_options.vim, src/vim.h, src/window.c

Patch 8.2.2237
Problem:    CI on Mac fails in sed command.
Solution:   Set LC_ALL to "C". (Ozaki Kiichi, closes #7565)
Files:      .github/workflows/ci.yml

Patch 8.2.2238
Problem:    Vim9: cannot load a Vim9 script without the +eval feature.
Solution:   Support Vim9 script syntax without the +eval feature.
Files:      src/ex_docmd.c, src/vim9script.c, src/globals.h, src/main.c,
            src/autocmd.c, src/buffer.c, src/structs.h, src/menu.c,
            src/scriptfile.c, src/usercmd.c, src/proto.h, src/errors.h

Patch 8.2.2239
Problem:    Vim9: concatenating lines with backslash is inconvenient.
Solution:   Support concatenating lines starting with '|', useful for
            :autocmd, :command, etc. (closes #6702)
Files:      runtime/doc/vim9.txt, src/scriptfile.c, src/vim9script.c,
            src/proto/vim9script.pro, src/vim9compile.c,
            src/proto/vim9compile.pro, src/userfunc.c, src/structs.h,
            src/testdir/test_vim9_cmd.vim

Patch 8.2.2240
Problem:    Clientserver test fails if full path is used.
Solution:   Ignore the path preceding the file name.
Files:      src/testdir/test_clientserver.vim

Patch 8.2.2241
Problem:    Build with Ruby and clang may fail.
Solution:   Adjust configure and sed script. (Ozaki Kiichi, closes #7566)
Files:      ci/config.mk.clang.sed, src/auto/configure, src/configure.ac

Patch 8.2.2242
Problem:    Vim9: line continuation with bar does not work at script level.
Solution:   Check for Vim9 script.
Files:      src/structs.h, src/ex_docmd.c, src/userfunc.c, src/scriptfile.c,
            src/testdir/test_vim9_cmd.vim

Patch 8.2.2243
Problem:    Crash when popup mask contains zeroes.
Solution:   Check boundaries properly. (closes #7569)
Files:      src/popupwin.c, src/testdir/test_popupwin.vim

Patch 8.2.2244
Problem:    Crash when making the window width of the not-current window
            negative.
Solution:   Make sure the window width is not negative. (closes #7568)
Files:      src/window.c, src/testdir/test_window_cmd.vim

Patch 8.2.2245
Problem:    Vim9: return value of winrestcmd() cannot be executed.
Solution:   Put colons before each range. (closes #7571)
Files:      src/evalwindow.c, src/testdir/test_vim9_builtin.vim

Patch 8.2.2246
Problem:    Cursor keys not recognized at the hit-Enter prompt after executing
            an external command.
Solution:   Change the codes for the extra cursor keys. (closes #7562)
            Tune the delays to avoid test flakiness.
Files:      runtime/doc/term.txt, src/term.c, src/testdir/test_terminal3.vim

Patch 8.2.2247
Problem:    VMS: various smaller problems.
Solution:   Fix VMS building and other problems. (Zoltan Arpadffy)
Files:      src/term.c, src/gui_gtk_vms.h, src/os_vms_conf.h, src/gui_x11.c,
            src/Make_vms.mms, src/macros.h, src/gui.h, src/os_unix.h

Patch 8.2.2248
Problem:    ASAN error on exit with GUI.
Solution:   Check the window still has lines. (Christian Brabandt,
            closes #7573)
Files:      src/term.c

Patch 8.2.2249
Problem:    Termcodes test is flaky when used over ssh with X forwarding.
Solution:   Set 'mousetime' to a larger value. (Dominique Pellé, closes #7576,
            closes #7563)
Files:      src/testdir/test_termcodes.vim

Patch 8.2.2250
Problem:    Vim9: sublist is ambiguous.
Solution:   Require white space around the colon. (closes #7409)
Files:      src/vim9compile.c, src/eval.c, src/testdir/test_vim9_expr.vim,
            src/testdir/test_vim9_disassemble.vim

Patch 8.2.2251
Problem:    Test failures in legacy script.
Solution:   Check for Vim9 script.
Files:      src/eval.c

Patch 8.2.2252
Problem:    Vim9: crash when using lambda without return type in dict.
Solution:   Without a return type use t_unknown. (closes #7587)
Files:      src/vim9type.c, src/vim9compile.c, src/testdir/test_vim9_expr.vim

Patch 8.2.2253
Problem:    Vim9: expr test fails.
Solution:   Add missing assignment.
Files:      src/userfunc.c

Patch 8.2.2254
Problem:    Vim9: bool option type is number.
Solution:   Have get_option_value() return a different value for bool and
            number options. (closes #7583)
Files:      src/option.h, src/option.c, src/proto/option.pro, src/evalvars.c,
            src/if_mzsch.c, src/if_ruby.c, src/spell.c, src/typval.c,
            src/vim9compile.c, src/testdir/test_vim9_assign.vim,
            src/testdir/test_vim9_cmd.vim

Patch 8.2.2255 (after 8.2.2254)
Problem:    Tcl test fails.
Solution:   Change option handling.
Files:      src/if_tcl.c

Patch 8.2.2256
Problem:    Vim9: cannot use function( after line break in :def function.
Solution:   Check for "(" after "function". (closes #7581)
Files:      src/userfunc.c, src/testdir/test_vim9_func.vim

Patch 8.2.2257
Problem:    Vim9: using -> for lambda is ambiguous.
Solution:   Stop supporting ->, must use =>.
Files:      src/eval.c, src/vim9compile.c, src/testdir/test_vim9_assign.vim,
            src/testdir/test_vim9_builtin.vim, src/testdir/test_vim9_cmd.vim,
            src/testdir/test_vim9_disassemble.vim,
            src/testdir/test_vim9_expr.vim, src/testdir/test_vim9_func.vim,
            src/testdir/test_vim9_script.vim

Patch 8.2.2258
Problem:    Not all OCaml related files are detected.
Solution:   Update OCaml file type detection.  (Markus Mottl, closes #7590)
Files:      runtime/filetype.vim, src/testdir/test_filetype.vim

Patch 8.2.2259
Problem:    Test_Executable() fails when using chroot.
Solution:   Ignore the difference between "sbin" and "bin".
Files:      src/testdir/test_functions.vim

Patch 8.2.2260
Problem:    Window resize test fails in very wide terminal.
Solution:   Resize using the 'columns' option.  (Vladimir Lomov, closes #7592)
Files:      src/testdir/test_window_cmd.vim
