Solution:   Put check for terminal feature in separate function.
Files:      src/testdir/test_vim9_script.vim

Patch 8.2.1743
Problem:    Cannot build without the eval feature.
Solution:   Move shorten_dir outside of #ifdef.
Files:      src/filepath.c

Patch 8.2.1744
Problem:    Vim9: using ":const!" is weird.
Solution:   Use "var" - "final" - "const" like Dart.  "let" still works for
            now.
Files:      runtime/doc/vim9.txt, src/ex_cmds.h, src/errors.h, src/evalvars.c,
            src/proto/evalvars.pro, src/cmdexpand.c, src/eval.c,
            src/ex_docmd.c, src/vim9compile.c, src/vim9execute.c,
            src/vim9script.c, src/vim.h, src/ex_cmdidxs.h,
            src/testdir/test_vim9_assign.vim, src/testdir/test_vim9_script.vim

Patch 8.2.1745
Problem:    Tiny version doesn't build.
Solution:   Add dummy ex_var() function.
Files:      src/ex_docmd.c

Patch 8.2.1746
Problem:    Vim9: Cannot use "fina" for "finally". (Naruhiko Nishino)
Solution:   Specifically check for "fina". (closes #7020)
Files:      src/ex_docmd.c, src/testdir/test_trycatch.vim,
            src/testdir/test_vim9_script.vim

Patch 8.2.1747
Problem:    Result of expand() unexpectedly depends on 'completeslash'.
Solution:   Temporarily reset 'completeslash'. (Yasuhiro Matsumoto,
            closes #7021)
Files:      src/evalfunc.c, src/testdir/test_ins_complete.vim

Patch 8.2.1748
Problem:    Closing split window in other tab may cause a crash.
Solution:   Set tp_curwin properly. (Rob Pilling, closes #7018)
Files:      src/window.c, src/testdir/test_winbuf_close.vim

Patch 8.2.1749
Problem:    Vim9: crash when closure fails in nested function.
Solution:   Handle function returns before dereferencing remaining closures.
            (closes #7008)
Files:      src/vim9execute.c, src/testdir/test_vim9_func.vim

Patch 8.2.1750
Problem:    Setting firstline with popup_setoptions() fails if cursorline is
            set.
Solution:   Use apply_options(). Update the popup before applying "zz".
            (closes #7010)
Files:      src/popupwin.c, src/proto/popupwin.pro, src/move.c,
            src/testdir/test_popupwin.vim,
            src/testdir/dumps/Test_popupwin_win_execute_cursorline.dump,
            src/testdir/dumps/Test_popupwin_set_firstline_1.dump,
            src/testdir/dumps/Test_popupwin_set_firstline_2.dump

Patch 8.2.1751
Problem:    Using 2 where bool is expected may throw an error.
Solution:   Make this backwards compatible.
Files:      src/typval.c, src/evalfunc.c, src/testdir/test_search.vim,
            src/testdir/test_terminal2.vim

Patch 8.2.1752
Problem:    GTK GUI: cannot map alt-? with <A-?>. (Ingo Karkat)
Solution:   Adjust the characters for which the shift modifier is removed.
            (closes #7016)  Make Motif and Win32 use the same function as GTK.
Files:      src/misc2.c, src/gui_x11.c, src/gui_w32.c,
            src/testdir/test_termcodes.vim

Patch 8.2.1753
Problem:    Vim9: crash when using import at script level.
Solution:   Give a "not implemented yet" error. (closes #7026)
Files:      src/evalvars.c

Patch 8.2.1754
Problem:    Completion with spell checking not tested.
Solution:   Add a test case. (Dominique Pellé, closes #7024)
Files:      src/testdir/test_spell.vim

Patch 8.2.1755
Problem:    Vim9: crash when using invalid heredoc marker. (Dhiraj Mishra)
Solution:   Check for NULL list. (closes #7027)  Fix comment character.
Files:      src/vim9compile.c, src/evalvars.c,
            src/testdir/test_vim9_assign.vim

Patch 8.2.1756
Problem:    Vim9: :let will soon be disallowed.
Solution:   Add v:disallow_let temporarily.  Fix tests.
Files:      src/vim.h, src/errors.h, src/evalvars.c, src/vim9compile.c,
            src/userfunc.c, src/testdir/test_vim9_script.vim

Patch 8.2.1757
Problem:    Mac: default locale is lacking the encoding.
Solution:   Add ".UTF-8 to the locale. (Yee Cheng Chin, closes #7022)
Files:      src/os_mac_conv.c, src/testdir/test_environ.vim

Patch 8.2.1758
Problem:    Vim9: type of unmaterialized list is wrong.
Solution:   Use list<number>.
Files:      src/vim9type.c, src/testdir/test_vim9_expr.vim

Patch 8.2.1759
Problem:    Vim9: Some tests are still using :let.
Solution:   Change more declarations to use :var.
Files:      src/testdir/test_vim9_expr.vim

Patch 8.2.1760
Problem:    Vim9: crash when end marker is missing. (Dhiraj Mishra)
Solution:   Check for end of function lines. (closes #7031)
Files:      src/vim9compile.c, src/testdir/test_vim9_assign.vim

Patch 8.2.1761
Problem:    Vim9: Some tests are still using :let.
Solution:   Change more declarations to use :var.
Files:      src/testdir/test_vim9_assign.vim,
            src/testdir/test_vim9_cmd.vim,
            src/testdir/test_vim9_disassemble.vim

Patch 8.2.1762
Problem:    When a timer uses :stopinsert Insert mode completion isn't
            stopped. (Stanley Chan)
Solution:   Call ins_compl_prep(ESC).
Files:      src/edit.c, src/testdir/test_ins_complete.vim,
            src/testdir/dumps/Test_pum_stopped_by_timer.dump

Patch 8.2.1763
Problem:    Vim9: cannot use "true" for popup window scrollbar option.
Solution:   use dict_get_bool(). (closes #7029)
Files:      src/popupwin.c, src/testdir/test_popupwin.vim

Patch 8.2.1764
Problem:    Vim9: no error when assigning to script var with wrong type.
Solution:   Fix off-by-one error. (closes #7028)
Files:      src/vim9compile.c, src/testdir/test_vim9_assign.vim

Patch 8.2.1765
Problem:    Vim9: some tests use "var var".
Solution:   Use "var name". (closes #7032)
Files:      src/testdir/test_vim9_assign.vim, src/testdir/test_vim9_expr.vim

Patch 8.2.1766
Problem:    Vim9: Some tests are still using :let.
Solution:   Change the last few declarations to use :var.
Files:      src/testdir/runtest.vim, src/testdir/test_vim9_assign.vim,
            src/testdir/test_vim9_cmd.vim,
            src/testdir/test_vim9_disassemble.vim,
            src/testdir/test_vim9_expr.vim, src/testdir/test_vim9_func.vim,
            src/testdir/test_vim9_script.vim, src/testdir/test_maparg.vim,
            src/testdir/test_popupwin.vim, src/testdir/test_textprop.vim

Patch 8.2.1767
Problem:    Vim9: test fails with python support.
Solution:   Use "let" in legacy function.
Files:      src/testdir/test_vim9_func.vim

Patch 8.2.1768
Problem:    Cannot use the help menu from a terminal window.
Solution:   Add ":tlnoremenu" commands. (Yee Cheng Chin, closes #7023)
Files:      runtime/menu.vim, src/testdir/test_gui.vim

Patch 8.2.1769
Problem:    A popup filter interferes with using :normal to move the cursor in
            a popup.
Solution:   Do not invoke the filter when ex_normal_busy is set.
Files:      runtime/doc/popup.txt, src/getchar.c, src/evalfunc.c,
            src/ex_docmd.c, src/menu.c, src/globals.h,
            src/testdir/test_popupwin.vim,
            src/testdir/dumps/Test_popupwin_normal_cmd.dump

Patch 8.2.1770
Problem:    Invalid memory use when using SpellFileMissing autocmd.
Solution:   Add test case. (Dominique Pellé, closes #7036)  Fix using a window
            that was closed.
Files:      src/spell.c, src/testdir/test_spell.vim

Patch 8.2.1771
Problem:    synIDattr() cannot get the value of ctermul.
Solution:   Add the "ul" value for "what". (closes #7037)
Files:      runtime/doc/eval.txt, src/highlight.c, src/evalfunc.c,
            src/testdir/test_highlight.vim

Patch 8.2.1772
Problem:    Cannot use CTRL-W <Down> to move out of a terminal window.
Solution:   Use special_to_buf() instead of mb_char2bytes(). (closes #7045)
Files:      src/terminal.c, src/testdir/test_terminal.vim

Patch 8.2.1773
Problem:    Crash when calling mapset() with a list as first argument.
Solution:   Check for NULL. (closes #7040)
Files:      src/map.c, src/testdir/test_maparg.vim

Patch 8.2.1774
Problem:    GTK: hang when forced to exit.
Solution:   Do not clean up "mainwin" when really_exiting is set.
            (Zdenek Dohnal, closes #7042)
Files:      src/gui_gtk_x11.c

Patch 8.2.1775
Problem:    MS-Windows: adding a long quickfix list is slow.
Solution:   Shorten the buffer name only for the first entry. (Yegappan
            Lakshmanan, closes #7039, closes #7033)
Files:      src/quickfix.c, src/testdir/test_quickfix.vim

Patch 8.2.1776
Problem:    Filetype.vim may be loaded twice.
Solution:   Do "syntax on" after "filetype on". (Adam Stankiewicz,
            closes #7049)
Files:      runtime/defaults.vim

Patch 8.2.1777
Problem:    Vim9: some assignment tests in the wrong file.
Solution:   Move assignment tests to test_vim9_assign.
Files:      src/testdir/test_vim9_assign.vim, src/testdir/test_vim9_script.vim

Patch 8.2.1778
Problem:    Vim9: returning from a partial call clears outer context, causing
            a crash.
Solution:   Put the outer context in the stack frame. (closes #7044)
Files:      src/vim9execute.c, src/vim9.h, src/testdir/test_vim9_func.vim

Patch 8.2.1779
Problem:    Some debian changelog files are not recognized.
Solution:   Add */debian/changelog. (Jason Franklin)
Files:      runtime/filetype.vim, src/testdir/test_filetype.vim

Patch 8.2.1780
Problem:    Statusline not updated when splitting windows.
Solution:   Call status_redraw_all(). (Jason Franklin, closes #5496)
Files:      src/window.c, src/testdir/test_statusline.vim

Patch 8.2.1781
Problem:    Writing to prompt buffer interferes with insert mode.
Solution:   Use win_enter() instead of just setting "curwin". (Ben Jackson,
            closes #7035)
Files:      src/autocmd.c, src/testdir/test_prompt_buffer.vim

Patch 8.2.1782
Problem:    Vim9: cannot pass boolean to mapset().
Solution:   Use get_tv_bool(). (closes #7041)
Files:      src/map.c, src/testdir/test_vim9_func.vim

Patch 8.2.1783 (after 8.2.1781)
Problem:    Try-catch test fails.
Solution:   Don't call win_enter(), only call entering_window().
Files:      src/autocmd.c, src/window.c, src/proto/window.pro,
            src/testdir/runtest.vim

Patch 8.2.1784
Problem:    commits are not scanned for security problems
Solution:   Enable Github code scanning. (Christian Brabandt, closes #7057)
Files:      .github/workflows/codeql-analysis.yml

Patch 8.2.1785
Problem:    Compiler warning for strcpy() out of bounds. (Christian Brabandt)
Solution:   use memmove() instead.
Files:      src/dict.c

Patch 8.2.1786
Problem:    Various Normal mode commands not fully tested.
Solution:   Add more tests. (Yegappan Lakshmanan, closes #7059)
Files:      src/testdir/test_normal.vim, src/testdir/test_regexp_utf8.vim,
            src/testdir/test_registers.vim, src/testdir/test_spellfile.vim,
            src/testdir/test_tagjump.vim, src/testdir/test_visual.vim

Patch 8.2.1787
Problem:    Crash with 'incsearch' and very long line.
Solution:   Check whether regprog becomes NULL. (closes #7063)
Files:      src/search.c, src/testdir/test_search.vim

Patch 8.2.1788
Problem:    Vim9: still allows :let for declarations.
Solution:   Make the default for v:disallow_let one.  It can still be set to
            zero to allow for using :let.
Files:      src/evalvars.c, src/testdir/runtest.vim

Patch 8.2.1789
Problem:    Vim9: crash with invalid list constant. (Dhiraj Mishra)
Solution:   Return FAIL when compiling the list fails. (closes #7066)
Files:      src/vim9compile.c, src/errors.h, src/testdir/test_vim9_expr.vim

Patch 8.2.1790
Problem:    MS-Windows with Python: crash when executed from Vifm.
Solution:   Use NUL instead of CONIN. (Ken Takata, closes #7061, closes #7053)
Files:      src/if_python3.c

Patch 8.2.1791
Problem:    Vim9: debugger test fails.
Solution:   Use "var" instead of "let".
Files:      src/testdir/test_debugger.vim

Patch 8.2.1792
Problem:    Configure does not recognize Racket 6.1+.
Solution:   Add a check for "rktio". (closes #7062)
Files:      src/configure.ac, src/auto/configure

Patch 8.2.1793
Problem:    Not consistently giving the "is a directory" warning.
Solution:   Adjust check for illegal file name and directory. (Yasuhiro
            Matsumoto, closes #7067)
Files:      src/fileio.c, src/testdir/test_edit.vim

Patch 8.2.1794
Problem:    No falsy Coalescing operator.
Solution:   Add the "??" operator.  Fix mistake with function argument count.
Files:      runtime/doc/eval.txt, src/eval.c, src/vim9compile.c,
            src/vim9type.c, src/testdir/test_expr.vim,
            src/testdir/test_vim9_expr.vim,
            src/testdir/test_vim9_disassemble.vim

Patch 8.2.1795
Problem:    Vim9: operators && and || have a confusing result.
Solution:   Make the result a boolean.
Files:      runtime/doc/vim9.txt, src/eval.c, src/vim9compile.c,
            src/vim9execute.c, src/vim9type.c, src/structs.h, src/vim9.h,
            src/testdir/test_vim9_expr.vim, src/testdir/test_vim9_assign.vim,
            src/testdir/test_vim9_cmd.vim,
            src/testdir/test_vim9_disassemble.vim

Patch 8.2.1796
Problem:    Vim9: invalid memory access with weird function name. (Dhiraj
            Mishra)
Solution:   Check the name is valid.  Add a test.
Files:      src/userfunc.c, src/testdir/test_vim9_func.vim

Patch 8.2.1797
Problem:    Vim9: some parts of the code not tested.
Solution:   Add a few tests.
Files:      src/testdir/test_vim9_func.vim

Patch 8.2.1798
Problem:    Vim9: ternary operator condition is too permissive.
Solution:   Use tv_get_bool_chk().
Files:      runtime/doc/vim9.txt, src/eval.c, src/vim9compile.c,
            src/vim9execute.c, src/testdir/vim9.vim,
            src/testdir/test_expr.vim, src/testdir/test_vim9_expr.vim,
            src/testdir/test_vim9_cmd.vim, src/testdir/test_vim9_script.vim

Patch 8.2.1799
Problem:    Some Normal mode commands not fully tested.
Solution:   Add a few more tests. (Yegappan Lakshmanan, closes #7073)
Files:      src/testdir/test_gf.vim, src/testdir/test_goto.vim,
            src/testdir/test_normal.vim, src/testdir/test_registers.vim,
            src/testdir/test_startup.vim, src/testdir/test_tabpage.vim,
            src/testdir/test_visual.vim

Patch 8.2.1800
Problem:    Vim9: memory leak if "if" condition is invalid.
Solution:   Free ppconst earlier.
Files:      src/vim9compile.c

Patch 8.2.1801
Problem:    Undo file not found when using ":args" or ":next".
Solution:   Handle like editing another file. (closes #7072)
Files:      src/ex_cmds.c, src/testdir/test_undo.vim

Patch 8.2.1802
Problem:    Vim9: crash with unterminated dict. (Dhiraj Mishra)
Solution:   Return empty string instead of NULL. (closes #7084)
Files:      src/vim9compile.c, src/testdir/test_vim9_expr.vim

Patch 8.2.1803
Problem:    A few failures are not tested.
Solution:   Test a few failures. (Dominique Pellé, closes #7075)
Files:      src/testdir/test_arglist.vim, src/testdir/test_cmdline.vim,
            src/testdir/test_json.vim, src/testdir/test_listdict.vim

Patch 8.2.1804
Problem:    resolve('/') returns an empty string.
Solution:   Don't remove single slash. (closes #7074)
Files:      src/filepath.c, src/testdir/test_functions.vim

Patch 8.2.1805
Problem:    Unix: terminal mode changed when using ":shell".
Solution:   Avoid calling settmode() when not needed. (issue #7079)
Files:      src/os_unix.c

Patch 8.2.1806
Problem:    MS-Windows with Python: Vim freezes after import command.
Solution:   Use either "NUL" or "CONIN$" when reopening stdin. (Yasuhiro
            Matsumoto, closes #7083)
Files:      src/if_python3.c

Patch 8.2.1807
Problem:    Can use :help in a terminal popup window.
Solution:   Give an error. (closes #7088)
Files:      src/help.c, src/testdir/test_popupwin.vim

Patch 8.2.1808
Problem:    No test coverage for ":spelldump!".
Solution:   Add a test. (Dominique Pellé, closes #7089)
Files:      src/testdir/test_spell.vim

Patch 8.2.1809
Problem:    Mapping some keys with Ctrl does not work properly.
Solution:   For terminal, GTK and Motif handle "@", "^" and "_" codes.
Files:      src/misc2.c, src/proto/misc2.pro, src/term.c, src/gui_gtk_x11.c,
            src/gui_x11.c, src/testdir/test_termcodes.vim

Patch 8.2.1810
Problem:    Some code in normal.c not covered by tests.
Solution:   Add normal mode tests. (Yegappan Lakshmanan, closes #7086)
Files:      src/testdir/test_charsearch.vim, src/testdir/test_normal.vim

Patch 8.2.1811
Problem:    Mapping Ctrl-key does not work for '{', '}' and '|'.
Solution:   Remove the shift modifier. (closes #6457)
Files:      runtime/doc/map.txt, src/misc2.c, src/testdir/test_termcodes.vim

Patch 8.2.1812
Problem:    Vim9: nested closure throws an internal error.
Solution:   Do not skip a local variable with a partial. (closes #7065)
Files:      src/vim9execute.c, src/testdir/test_vim9_func.vim

Patch 8.2.1813
Problem:    Vim9: can assign wrong type to script dict. (Christian J. Robinson)
Solution:   Check the type if known.
Files:      src/structs.h, src/eval.c, src/vim9script.c,
            src/proto/vim9script.pro, src/proto/evalvars.pro,
            src/testdir/test_vim9_script.vim

Patch 8.2.1814 (after 8.2.1813)
Problem:    Missing change to remove "static".
Solution:   Add the change.
Files:      src/evalvars.c

Patch 8.2.1815
Problem:    Vim9: memory leak when using function reference.
Solution:   Temporarily disable the test.
Files:      src/testdir/test_vim9_disassemble.vim

Patch 8.2.1816
Problem:    Vim9: another memory leak when using function reference.
Solution:   Temporarily disable the tests.
Files:      src/testdir/test_vim9_func.vim

Patch 8.2.1817
Problem:    Vim9: wrong instruction when reusing a local variable spot.
Solution:   Clear a newly allocated local variable. (closes #7080)
Files:      src/vim9compile.c, src/testdir/test_vim9_func.vim

Patch 8.2.1818
Problem:    SE Linux: deprecation warning for security_context_t.
Solution:   Use "char *" instead. (James McCoy, closes #7093)
Files:      src/os_unix.c

Patch 8.2.1819
Problem:    Vim9: Memory leak when using a closure.
Solution:   Compute the minimal refcount in the funcstack.  Reenable disabled
            tests.
Files:      src/vim9execute.c, src/proto/vim9execute.pro, src/structs.h,
            src/eval.c, src/testdir/test_vim9_disassemble.vim,
            src/testdir/test_vim9_func.vim

Patch 8.2.1820
Problem:    Vim9: crash when error happens in timer callback.
Solution:   Check that current_exception is not NULL. (closes #7100)
Files:      src/ex_docmd.c

Patch 8.2.1821
Problem:    Vim9: concatenating to a NULL list doesn't work.
Solution:   Handle a NULL list like an empty list. (closes #7064)
Files:      src/list.c, src/testdir/test_vim9_assign.vim

Patch 8.2.1822 (after 8.2.1821)
Problem:    List test doesn't fail.
Solution:   Adjust the test for NULL list handling.
Files:      src/testdir/test_listdict.vim

Patch 8.2.1823
Problem:    "gN" does not select the matched string.
Solution:   Move the cursor to the start of the match.
Files:      src/search.c, src/testdir/test_gn.vim

Patch 8.2.1824
Problem:    Vim9: variables at the script level escape their scope.
Solution:   When leaving a scope remove variables declared in it.
Files:      src/structs.h, src/ex_eval.c, src/evalvars.c,
            src/proto/evalvars.pro, src/testdir/test_vim9_script.vim

Patch 8.2.1825
Problem:    Vim9: accessing freed memory.
Solution:   Clear sv_name when the variable is deleted.
Files:      src/ex_eval.c

Patch 8.2.1826
Problem:    Vim9: cannot use a {} block at script level.
Solution:   Recognize a {} block.
Files:      src/ex_docmd.c, src/ex_cmds.h, src/ex_cmdidxs.h, src/ex_eval.c,
            src/structs.h, src/proto/ex_eval.pro, src/errors.h,
            src/testdir/test_vim9_script.vim

Patch 8.2.1827
Problem:    Filetype detection does not test enough file names.
Solution:   Test more file names. (Adam Stankiewicz, closes #7099)
Files:      runtime/filetype.vim, src/testdir/test_filetype.vim

Patch 8.2.1828
Problem:    Build failure without the +eval feature.
Solution:   Add dummies for ex_block and ex_endblock.
Files:      src/ex_docmd.c

Patch 8.2.1829
Problem:    Warnings when executing Github actions.
Solution:   Use another method to set environment variables. (Ken Takata,
            closes #7107)
Files:      .github/workflows/ci-windows.yaml

Patch 8.2.1830
Problem:    MS-Windows: Python3 issue with stdin.
Solution:   Check if stdin is readable. (Ken Takata, closes #7106)
Files:      src/if_python3.c

Patch 8.2.1831
Problem:    File missing from distribution.
Solution:   Add the github code analyses file.
Files:      Filelist

Patch 8.2.1832
Problem:    readdirex() error is displayed as a message. (Yegappan Lakshmanan)
Solution:   Use semsg() instead of smsg().
Files:      src/fileio.c, src/testdir/test_functions.vim

Patch 8.2.1833
Problem:    When reading from stdin dup() is called twice.
Solution:   Remove the dup() in main.c. (Ken Takata, closes #7110)
Files:      src/main.c

Patch 8.2.1834
Problem:    PyEval_InitThreads() is deprecated in Python 3.9.
Solution:   Do not call PyEval_InitThreads in Python 3.9 and later. (Ken
            Takata, closes #7113)  Avoid warnings for functions.
Files:      src/if_python3.c, src/if_py_both.h

Patch 8.2.1835
Problem:    ":help ??" finds the "!!" tag.
Solution:   Do not translate "?" into ".".  (Naruhiko Nishino, closes #7114,
            closes #7115)
Files:      src/help.c, src/testdir/test_help_tagjump.vim

Patch 8.2.1836
Problem:    Autocmd test fails on pacifist systems.
Solution:   Check that /bin/kill exists. (James McCoy, closes #7117)
            Tune the timing, make the autocmd test run faster.
Files:      src/testdir/test_autocmd.vim

Patch 8.2.1837
Problem:    Using "gn" after "gN" does not work.
Solution:   Extend the other end of the Visual area. (closes #7109)
Files:      src/search.c, src/testdir/test_gn.vim

Patch 8.2.1838
Problem:    Vim9: cannot insert a comment line in an expression.
Solution:   Skip comment lines at the script level. (closes #7111)
Files:      src/eval.c, src/testdir/test_vim9_expr.vim

Patch 8.2.1839
Problem:    Vim9: memory leaks reported in assign test.
Solution:   Move the failing job_start() call to separate test files, it
            causes false leak reports.
Files:      src/testdir/test_vim9_assign.vim, src/testdir/test_vim9_fails.vim,
            src/testdir/Make_all.mak

Patch 8.2.1840
Problem:    Vim9: error message is not clear about compilation error.
Solution:   Say "compiling" instead of "processing".
Files:      src/vim9compile.c, src/message.c, src/globals.h,
            src/testdir/test_vim9_func.vim

Patch 8.2.1841
Problem:    Vim9: test for compilation error fails in normal build.
Solution:   Invoke CheckRunVimInTerminal in a separate function.
Files:      src/testdir/test_vim9_func.vim

Patch 8.2.1842
Problem:    Crash when USE_FNAME_CASE is defined and using :browse.
Solution:   Don't use read-only memory for ".". (Yegappan Lakshmanan,
            closes #7123)
Files:      src/ex_cmds.c, src/ex_docmd.c, src/testdir/test_edit.vim

Patch 8.2.1843
Problem:    Netbeans: with huge buffer number memory allocation may fail.
Solution:   Check for size overflow.
Files:      src/netbeans.c

Patch 8.2.1844
Problem:    Using "q" at the more prompt doesn't stop a long message.
Solution:   Check for "got_int". (closes #7122)
Files:      src/message.c, src/testdir/test_messages.vim,
            src/testdir/dumps/Test_quit_long_message.dump

Patch 8.2.1845
Problem:    Vim9: function defined in a block can't use variables defined in
            that block.
Solution:   First step: Make a second hashtab that holds all script variables,
            also block-local ones, with more information.
Files:      src/structs.h, src/evalvars.c, src/ex_eval.c, src/vim9script.c,
            src/proto/vim9script.pro, src/scriptfile.c

Patch 8.2.1846
Problem:    Vim9: variables declared in a local block are not found in
            when a function is compiled.
Solution:   Look for script variables in sn_all_vars.
Files:      src/structs.h, src/vim9compile.c, src/proto/vim9compile.pro,
            src/userfunc.c, src/proto/userfunc.pro, src/ex_eval.c,
            src/vim9script.c, src/proto/vim9script.pro, src/vim9execute.c,
            src/testdir/test_vim9_script.vim

Patch 8.2.1847
Problem:    Vim9: using negative value for unsigned type.
Solution:   Use zero instead of -1.
Files:      src/vim9compile.c

Patch 8.2.1848
Problem:    Crash when passing a NULL string or list to popup_settext().
Solution:   Check for NULL pointers. (closes #7132)
Files:      src/popupwin.c, src/testdir/test_popupwin.vim

Patch 8.2.1849
Problem:    Vim9: garbage collection frees block-local variables.
Solution:   Mark all script variables as used.
Files:      src/evalvars.c, src/testdir/test_vim9_script.vim

Patch 8.2.1850
Problem:    "vat" does not select tags correctly over line break.
Solution:   Adjust the search pattern. (Aufar Gilbran, closes #7136)
Files:      src/textobject.c, src/testdir/test_textobjects.vim

Patch 8.2.1851
Problem:    Vim9: "!" followed by space incorrectly used.
Solution:   Skip over trailing spaces. (closes #7131)
Files:      src/eval.c, src/vim9compile.c, src/testdir/test_vim9_expr.vim

Patch 8.2.1852
Problem:    map() returning zero for NULL list is unexpected.
Solution:   Return the empty list. (closes #7133)
Files:      src/list.c, src/testdir/test_filter_map.vim,
            src/testdir/test_blob.vim

Patch 8.2.1853
Problem:    "to_f" is recognized at "topleft" modifier.
Solution:   Do not recognize modifier when "_" follows. (closes #7019)
Files:      src/ex_docmd.c, src/testdir/test_vim9_assign.vim

Patch 8.2.1854
Problem:    Vim9: crash when throwing exception for NULL string. (Dhiraj
            Mishra)
Solution:   Handle NULL string like empty string. (closes #7139)
Files:      src/vim9execute.c, src/errors.h, src/testdir/test_vim9_script.vim

Patch 8.2.1855
Problem:    Vim9: get error message when nothing is wrong.
Solution:   Check called_emsg instead of did_emsg. (closes #7143)
Files:      src/vim9compile.c, src/vim9execute.c, src/errors.h

Patch 8.2.1856
Problem:    "2resize" uses size of current window. (Daniel Steinberg)
Solution:   Use size of resized window. (Yasuhiro Matsumoto, closes #7152)
Files:      src/ex_docmd.c, src/testdir/test_window_cmd.vim

Patch 8.2.1857
Problem:    Vim9: using job_status() on an unused var gives an error.
Solution:   Return "fail". (closes #7158)
Files:      src/job.c, src/testdir/test_vim9_assign.vim

Patch 8.2.1858
Problem:    Vim9: filter functions return number instead of bool.
Solution:   Return v:true instead of one. (closes #7144)
Files:      src/popupwin.c, src/evalfunc.c, src/testdir/test_vim9_func.vim

Patch 8.2.1859
Problem:    Vim9: crash in unpack assignment.
Solution:   Make sure an error message is turned into an exception.
            (closes #7159)
Files:      src/vim9execute.c, src/testdir/test_vim9_assign.vim,
            src/testdir/test_vim9_script.vim

Patch 8.2.1860
Problem:    Vim9: memory leak when throwing empty string.
Solution:   Free the empty string.
Files:      src/vim9execute.c

Patch 8.2.1861
Problem:    Vim9: no specific error when parsing lambda fails.
Solution:   Also give syntax errors when not evaluating. (closes #7154)
Files:      src/dict.c, src/testdir/test_vim9_expr.vim

Patch 8.2.1862
Problem:    vim9: memory leak when compiling lambda fails.
Solution:   Call clear_evalarg().
Files:      src/vim9compile.c

Patch 8.2.1863
Problem:    Json code not sufficiently tested.
Solution:   Add more test cases. (Dominique Pellé, closes #7166)
Files:      src/testdir/test_json.vim

Patch 8.2.1864
Problem:    Vim9: no error for wrong list type.
Solution:   Add flag to indicate a constant. (closes #7160)
Files:      src/vim9compile.c, src/testdir/test_vim9_assign.vim

Patch 8.2.1865
Problem:    Vim9: add() does not check type of argument.
Solution:   Inline the add() call. (closes #7160)
Files:      src/vim9.h, src/vim9compile.c, src/vim9execute.c, src/errors.h,
            src/testdir/test_vim9_func.vim,
            src/testdir/test_vim9_disassemble.vim

Patch 8.2.1866
Problem:    Vim9: appending to pushed blob gives wrong result.
Solution:   Set ga_maxlen when copying a blob.
Files:      src/blob.c, src/testdir/test_vim9_func.vim

Patch 8.2.1867
Problem:    Vim9: argument to add() not checked for blob.
Solution:   Add the BLOBAPPEND instruction.
Files:      src/vim9.h, src/vim9compile.c, src/vim9execute.c, src/errors.h,
            src/testdir/test_vim9_func.vim,
            src/testdir/test_vim9_disassemble.vim

Patch 8.2.1868
Problem:    Vim9: no error for missing space after comma in dict.
Solution:   Check for white space. (closes #6672)
Files:      src/vim9compile.c, src/testdir/test_vim9_expr.vim

Patch 8.2.1869
Problem:    Vim9: memory leak when using add().
Solution:   Free the added item.
Files:      src/vim9execute.c

Patch 8.2.1870
Problem:    Vim9: no need to keep all script variables.
Solution:   Only keep script variables when a function was defined that could
            use them.  Fix freeing static string on exit.
Files:      src/vim9script.c, src/proto/vim9script.pro, src/structs.h,
            src/ex_eval.c, src/userfunc.c, src/testdir/test_vim9_script.vim

Patch 8.2.1871
Problem:    Using %v in 'errorformat' may fail before %Z.
Solution:   Set qf_viscol only when qf_col is set. (closes #7169)
Files:      src/quickfix.c, src/testdir/test_quickfix.vim

Patch 8.2.1872
Problem:    Matchfuzzy() does not prefer sequential matches.
Solution:   Give sequential matches a higher bonus. (Christian Brabandt,
            closes #7140)
Files:      src/search.c, src/testdir/test_matchfuzzy.vim

Patch 8.2.1873
Problem:    Vim9: missing white space when using <f-args>.
Solution:   Add spaces. (Christian J. Robinson)
Files:      src/usercmd.c, src/testdir/test_vim9_cmd.vim

Patch 8.2.1874
Problem:    Can't do something just before leaving Insert mode.
Solution:   Add the InsertLeavePre autocommand event. (closes #7177)
Files:      runtime/doc/autocmd.txt, src/edit.c, src/vim.h,
            src/autocmd.c, src/testdir/test_edit.vim

Patch 8.2.1875
Problem:    Warning when building GTK gui.
Solution:   Add missing function parameter.
Files:      src/gui_gtk_f.c

Patch 8.2.1876
Problem:    Vim9: argument types for builtin functions are not checked at
            compile time.
Solution:   Add an argument type checking mechanism. Implement type checks for
            one function.
Files:      src/evalfunc.c, src/proto/evalfunc.pro, src/vim9compile.c,
            src/testdir/test_vim9_func.vim, src/testdir/test_vim9_builtin.vim,
            src/testdir/Make_all.mak

Patch 8.2.1877 (after 8.2.1876)
Problem:    Test for function list fails.
Solution:   Move "obsolete" comments one line up.
Files:      src/evalfunc.c

Patch 8.2.1878
Problem:    GTK: error for redefining function. (Tony Mechelynck)
Solution:   Remove "gtk_" prefix from local functions and prepend "gui_" to
            global functions.
Files:      src/gui_gtk_f.c, src/gui_gtk_f.h, src/gui_gtk.c, src/gui_gtk_x11.c

Patch 8.2.1879
Problem:    Vim9: argument types of insert() not checked when compiling.
Solution:   Add argument type checks for insert().
Files:      src/evalfunc.c, src/proto/evalfunc.pro, src/vim9compile.c,
            src/testdir/test_vim9_builtin.vim

Patch 8.2.1880
Problem:    Vim9: Asan complains about adding zero to NULL.
Solution:   Check for argument count first.
Files:      src/vim9compile.c

Patch 8.2.1881
Problem:    Cannot build with GTK3.
Solution:   Adjust form functions.
Files:      src/gui_gtk_f.c

Patch 8.2.1882
Problem:    Vim9: v:disallow_let is no longer needed.
Solution:   Remove v:disallow_let.
Files:      src/evalvars.c, src/vim.h, src/vim9compile.c

Patch 8.2.1883
Problem:    Compiler warnings when using Python.
Solution:   Adjust PyCFunction to also have the second argument.  Use "int"
            return type for some functions.  Insert "(void *)" to get rid of
            the remaining warnings.
Files:      src/if_py_both.h, src/if_python.c, src/if_python3.c

Patch 8.2.1884
Problem:    Compiler warning for uninitialized variable. (John Marriott)
Solution:   Initialize with NULL.
Files:      src/vim9compile.c, src/evalfunc.c

Patch 8.2.1885
Problem:    Filetype tests unnecessarily creates swap files.
Solution:   Disable 'swapfile'. (Ken Takata, closes #7183)
Files:      src/testdir/test_filetype.vim

Patch 8.2.1886
Problem:    Using ":silent!" in a popup filter has unexpected effect.
Solution:   Use did_emsg instead of called_emsg. (closes #7178)
Files:      src/popupwin.c, src/testdir/test_popupwin.vim

Patch 8.2.1887
Problem:    Github actions not optimally configured.
Solution:   Run CI on any pushed branches. Set fail-fast. (Ozaki Kiichi,
            closes #7184)
Files:      .github/workflows/ci-windows.yaml

Patch 8.2.1888
Problem:    Vim9: Getbufline(-1, 1, '$') gives an error.
Solution:   Return an empty list. (closes #7180)
Files:      src/evalbuffer.c, src/testdir/test_vim9_builtin.vim

Patch 8.2.1889
Problem:    Vim9: erroneous error for missing white space after {}.
Solution:   Don't skip over white space after {}. (issue #7167)
Files:      src/dict.c, src/testdir/test_vim9_expr.vim

Patch 8.2.1890
Problem:    Vim9: strange error for subtracting from a list.
Solution:   Check getting a number, not a string. (closes #7167)
Files:      src/eval.c, src/testdir/test_vim9_expr.vim

Patch 8.2.1891
Problem:    Vim9: skipping over expression doesn't handle line breaks.
Solution:   Pass evalarg to skip_expr(). (closes #7157)
Files:      src/vim9compile.c, src/eval.c, src/proto/eval.pro, src/ex_docmd.c,
            src/misc1.c, src/testdir/test_vim9_cmd.vim

Patch 8.2.1892
Problem:    Valgrind warns for using uninitialized access in tests.
Solution:   Fix condition for breaking out of loop. (Dominique Pellé,
            closes #7187)
Files:      src/terminal.c

Patch 8.2.1893
Problem:    Fuzzy matching does not support multiple words.
Solution:   Add support for matching white space separated words. (Yegappan
            Lakshmanan, closes #7163)
Files:      runtime/doc/eval.txt, src/search.c,
            src/testdir/test_matchfuzzy.vim

Patch 8.2.1894
Problem:    Vim9: command modifiers are not supported.
Solution:   Support "silent" and "silent!".
Files:      src/structs.h, src/vim9compile.c, src/vim9.h, src/vim9execute.c,
            src/evalvars.c, src/testdir/test_vim9_disassemble.vim,
            src/testdir/test_vim9_cmd.vim

Patch 8.2.1895 (after 8.2.1894)
Problem:    Vim9: silent command modifier test fails.
Solution:   Add missing changes.
Files:      src/ex_docmd.c

Patch 8.2.1896
Problem:    Valgrind warns for using uninitialized memory.
Solution:   NUL terminate the SmcOpenConnection() error message. (Dominique
            Pellé, closes #7194)
Files:      src/os_unix.c

Patch 8.2.1897
Problem:    Command modifiers are saved and set inconsistently.
Solution:   Separate parsing and applying command modifiers.  Save values in
            cmdmod_T.
Files:      src/structs.h, src/ex_docmd.c, src/proto/ex_docmd.pro,
            src/ex_cmds.h, src/vim9compile.c

Patch 8.2.1898
Problem:    Command modifier parsing always uses global cmdmod.
Solution:   Pass in cmdmod_T to use.  Rename struct fields consistently.
Files:      src/structs.h, src/arglist.c, src/buffer.c, src/bufwrite.c,
            src/diff.c, src/change.c, src/cmdhist.c, src/edit.c,
            src/ex_cmds.c, src/ex_cmds2.c, src/ex_docmd.c, src/ex_getln.c,
            src/fileio.c, src/filepath.c, src/gui.c, src/gui_gtk_x11.c,
            src/help.c, src/if_cscope.c, src/indent.c, src/mark.c,
            src/memline.c, src/message.c, src/option.c, src/ops.c,
            src/os_unix.c, src/quickfix.c, src/register.c, src/scriptfile.c,
            src/search.c, src/session.c, src/tag.c, src/terminal.c,
            src/textformat.c, src/usercmd.c, src/vim9compile.c, src/window.c,
            src/proto/ex_docmd.pro

Patch 8.2.1899
Problem:    Crash in out-of-memory situation.
Solution:   Bail out if shell_name is NULL. (Dominique Pellé, closes #7196)
Files:      src/ex_cmds.c

Patch 8.2.1900
Problem:    Vim9: command modifiers do not work.
Solution:   Make most command modifiers work.
Files:      src/vim9.h, src/vim9compile.c, src/vim9execute.c,
            src/usercmd.c, src/proto/usercmd.pro, src/scriptfile.c,
            src/testdir/test_vim9_disassemble.vim

Patch 8.2.1901
Problem:    Variable completion does not work in command line window.
Solution:   Use the "prevwin". (closes #7198)
Files:      src/evalvars.c, src/testdir/test_ins_complete.vim

Patch 8.2.1902
Problem:    Default option values are changed when using :badd for an existing
            buffer.
Solution:   When calling buflist_new() pass a zero line number. (closes #7195)
Files:      src/ex_cmds.c, src/testdir/test_buffer.vim

Patch 8.2.1903 (after 8.2.1902)
Problem:    Buffer test fails with normal features.
Solution:   Use 'numberwidth' instead of 'conceallevel' in the test.
Files:      src/testdir/test_buffer.vim

Patch 8.2.1904
Problem:    Still using default option values after using ":badd +1".
Solution:   Find a window where options were set.  Don't set the window when
            using ":badd".
Files:      src/buffer.c, src/ex_cmds.c, src/vim.h,
            src/testdir/test_buffer.vim

Patch 8.2.1905
Problem:    The wininfo list may contain stale entries.
Solution:   When closing a window remove any other entry where the window
            pointer is NULL.
Files:      src/buffer.c, src/proto/buffer.pro, src/window.c

Patch 8.2.1906
Problem:    Warning for signed/unsigned.
Solution:   Use size_t instead of int. (Mike Williams)
Files:      src/proto/usercmd.pro, src/usercmd.c, src/vim9execute.c

Patch 8.2.1907
Problem:    Complete_info().selected may be wrong.
Solution:   Update cp_number if it was never set. (issue #6945)
Files:      src/insexpand.c, src/testdir/test_ins_complete.vim

Patch 8.2.1908
Problem:    Lua is initialized even when not used.
Solution:   Put lua_init() after check for "eap->skip". (Christian Brabandt,
            closes #7191).  Avoid compiler warnings.
Files:      src/if_lua.c, src/testdir/test_lua.vim

Patch 8.2.1909
Problem:    Number of status line items is limited to 80.
Solution:   Dynamically allocate the arrays. (Rom Grk, closes #7181)
Files:      runtime/doc/options.txt, src/buffer.c, src/optionstr.c,
            src/proto/buffer.pro, src/screen.c, src/structs.h,
            src/testdir/test_options.vim, src/testdir/test_statusline.vim,
            src/vim.h

Patch 8.2.1910
Problem:    Reading past the end of the command line.
Solution:   Check for NUL. (closes #7204)
Files:      src/ex_docmd.c, src/testdir/test_edit.vim

Patch 8.2.1911
Problem:    Tiny build fails.
Solution:   Add #ifdef.
Files:      src/insexpand.c

Patch 8.2.1912
Problem:    With Python 3.9 some tests fail.
Solution:   Take into account the different error message. (James McCoy,
            closes #7210)
Files:      src/testdir/test_python3.vim

Patch 8.2.1913
Problem:    GTK GUI: rounding for the cell height is too strict.
Solution:   Round up above 15/16 of a pixel. (closes #7203)
Files:      src/gui_gtk_x11.c

Patch 8.2.1914
Problem:    Vim9: cannot put line break in expression for '=' register.
Solution:   Pass fgetline to set_expr_line(). (closes #7209)
Files:      src/register.c, src/proto/register.pro, src/ex_docmd.c,
            src/eval.c, src/proto/eval.pro, src/misc2.c,
            src/testdir/test_vim9_script.vim

