Files:      src/vim9.h, src/vim9compile.c, src/vim9execute.c,
            src/testdir/test_vim9_expr.vim

Patch 8.2.1248
Problem:    Netbeans test is flaky in the GUI.
Solution:   Filter out geometry messages. (Taro Muraoka, closes #6487)
Files:      src/testdir/test_netbeans.vim

Patch 8.2.1249
Problem:    Vim9: disassemble test fails.
Solution:   Change INDEX to LISTINDEX.  Add test for STRINDEX.
Files:      src/testdir/test_vim9_disassemble.vim

Patch 8.2.1250
Problem:    Vim9: cannot use the g:, b:, t: and w: namespaces.
Solution:   Add instructions to push a dict for the namespaces. (closes #6480)
Files:      src/vim9.h, src/vim9compile.c, src/vim9execute.c,
            src/testdir/test_vim9_disassemble.vim,
            src/testdir/test_vim9_expr.vim

Patch 8.2.1251
Problem:    Vim9: warning for pointer usage, test failure undetected.
Solution:   Fix pointer indirection.  Give error when executing function
            failed for any reason.  Fix instruction names.
Files:      src/vim9execute.c, src/userfunc.c, src/proto/userfunc.pro

Patch 8.2.1252
Problem:    ":marks" may show '< and '> mixed up.
Solution:   Show the mark position as where '< and '> would jump.
Files:      src/mark.c, src/testdir/test_marks.vim

Patch 8.2.1253
Problem:    CTRL-K in Insert mode gets <CursorHold> inserted. (Roland
            Puntaier)
Solution:   Do not reset did_cursorhold, restore it. (closes #6447)
Files:      src/normal.c

Patch 8.2.1254
Problem:    MS-Windows: regexp test may fail if 'iskeyword' set wrongly.
Solution:   Override the 'iskeyword' value. (Taro Muraoka, closes #6502)
Files:      src/testdir/test_regexp_utf8.vim

Patch 8.2.1255
Problem:    Cannot use a lambda with quickfix functions.
Solution:   Add support for lambda. (Yegappan Lakshmanan, closes #6499)
Files:      runtime/doc/eval.txt, runtime/doc/options.txt,
            runtime/doc/quickfix.txt, src/channel.c, src/evalvars.c,
            src/optionstr.c, src/proto/evalvars.pro, src/proto/quickfix.pro,
            src/quickfix.c, src/testdir/test_quickfix.vim

Patch 8.2.1256
Problem:    Vim9: type wrong after getting dict item in lambda.
Solution:   Set the type to "any" after enforcing dict type. (closes #6491)
Files:      src/vim9compile.c, src/testdir/test_vim9_expr.vim

Patch 8.2.1257
Problem:    Vim9: list unpack doesn't work at the script level.
Solution:   Detect unpack assignment better. (closes #6494)
Files:      src/ex_docmd.c, src/testdir/test_vim9_script.vim

Patch 8.2.1258 (after 8.2.1253)
Problem:    CursorHold does not work well.a (Shane-XB-Qian)
Solution:   Only restore did_cursorhold when using :normal.
Files:      src/normal.c

Patch 8.2.1259
Problem:    Empty group in 'tabline' may cause using an invalid pointer.
Solution:   Set the group start position. (closes #6505)
Files:      src/buffer.c, src/testdir/test_tabline.vim

Patch 8.2.1260
Problem:    There is no good test for CursorHold.
Solution:   Add a test.  Remove duplicated test. (Yegappan Lakshmanan,
            closes #6503)
Files:      src/testdir/test_autocmd.vim, src/testdir/test_buffer.vim,
            src/testdir/test_normal.vim

Patch 8.2.1261
Problem:    Vim9: common type of function not tested.
Solution:   Add a test.  Fix uncovered problems.
Files:      src/vim9compile.c, src/vim9execute.c,
            src/testdir/test_vim9_expr.vim

Patch 8.2.1262
Problem:    src/ex_cmds.c file is too big.
Solution:   Move help related code to src/help.c. (Yegappan Lakshmanan,
            closes #6506)
Files:      Filelist, src/Make_cyg_ming.mak, src/Make_morph.mak,
            src/Make_mvc.mak, src/Make_vms.mms, src/Makefile, src/README.md,
            src/cmdexpand.c, src/ex_cmds.c, src/help.c, src/proto.h,
            src/proto/ex_cmds.pro, src/proto/help.pro

Patch 8.2.1263
Problem:    Vim9: comparators use 'ignorecase' in Vim9 script.
Solution:   Ignore 'ignorecase'.  Use true and false instead of 1 and 0.
            (closes #6497)
Files:      src/eval.c, src/typval.c, src/vim9execute.c,
            src/testdir/test_vim9_expr.vim

Patch 8.2.1264
Problem:    Terminal getwinpos() test is a bit flaky.
Solution:   Call getwinpos() a bit later.
Files:      src/testdir/test_terminal3.vim

Patch 8.2.1265
Problem:    Crash with EXITFREE when split() fails.
Solution:   Restore 'cpoptions'.
Files:      src/evalfunc.c

Patch 8.2.1266 (after 8.2.1262)
Problem:    Makefile preference were accidentally included.
Solution:   Revert the Makefile changes.
Files:      src/Makefile

Patch 8.2.1267
Problem:    MS-Windows: tests may fail due to $PROMPT value.
Solution:   Set $PROMPT for testing. (Taro Muraoka, closes #6510)
Files:      src/testdir/runtest/vim

Patch 8.2.1268
Problem:    Vim9: no error for using double quote comment after :func or :def.
Solution:   Only accept double quote when not in Vim9 script and not after
            :def. (closes #6483)
Files:      src/userfunc.c, src/testdir/test_vim9_script.vim

Patch 8.2.1269
Problem:    Language and locale code spread out.
Solution:   Move relevant code to src/locale.c. (Yegappan Lakshmanan,
            closes #6509)
Files:      Filelist, src/Make_cyg_ming.mak, src/Make_morph.mak,
            src/Make_mvc.mak, src/Make_vms.mms, src/Makefile, src/README.md,
            src/ex_cmds2.c, src/locale.c, src/main.c, src/proto.h,
            src/proto/ex_cmds2.pro, src/proto/locale.pro

Patch 8.2.1270
Problem:    Vim9: not skipping over function type declaration with only a
            return type.
Solution:   Skip over the return type. (issue #6507)
Files:      src/vim9compile.c, src/testdir/test_vim9_func.vim

Patch 8.2.1271
Problem:    Vim9: Error for Funcref function argument type.
Solution:   Find the actual function type if possible. (issue #6507)
Files:      src/vim9compile.c, src/testdir/test_vim9_func.vim

Patch 8.2.1272
Problem:    Vim9: type not checked if declaration also assigns value.
Solution:   Check the type. (issue #6507)
Files:      src/eval.c, src/vim9compile.c, src/proto/vim9compile.pro,
            src/vim9script.c, src/vim9execute.c,
            src/testdir/test_vim9_script.vim

Patch 8.2.1273
Problem:    MS-Windows: terminal test may leave file behind.
Solution:   Wait a moment for process to end before deleting the file.
            (Taro Muraoka, closes #6513)
Files:      src/testdir/test_terminal.vim

Patch 8.2.1274
Problem:    Vim9: no error for missing white space in assignment at script
            level.
Solution:   Check for white space. (closes #6495)
Files:      src/eval.c, src/evalvars.c, src/testdir/test_vim9_script.vim,
            src/testdir/test_let.vim

Patch 8.2.1275
Problem:    Vim9: compiler warning for buffer size.
Solution:   Change the offset from 10 to 15. (Dominique PellÃ©, closes #6518)
Files:      src/vim9script.c

Patch 8.2.1276
Problem:    MS-Windows: system test may fail if more.exe is installed.
Solution:   Explicitly use more.com. (Taro Muraoka, Ken Takata, closes #6517)
Files:      src/testdir/test_system.vim

Patch 8.2.1277
Problem:    Tests on Travis do not run with EXITFREE.
Solution:   Add EXITFREE to all builds to uncover any mistakes.
Files:      .travis.yml

Patch 8.2.1278
Problem:    Vim9: line break after "->" only allowed in :def function.
Solution:   Only allow line break after "->". (closes #6492)
Files:      src/vim9compile.c, src/globals.h, src/testdir/test_vim9_expr.vim

Patch 8.2.1279
Problem:    Some tests on Travis have EXITFREE duplicated.
Solution:   Remove EXITFREE from shadowopt.  Add "shadow" to job name.
Files:      .travis.yml

Patch 8.2.1280
Problem:    Ex command error cannot contain an argument.
Solution:   Add ex_errmsg() and translate earlier.  Use e_trailing_arg where
            possible.
Files:      src/ex_docmd.c, src/proto/ex_docmd.pro, src/buffer.c,
            src/ex_eval.c, src/match.c, src/testdir/test_tabpage.vim

Patch 8.2.1281
Problem:    The "trailing characters" error can be hard to understand.
Solution:   Add the trailing characters to the message.
Files:      src/cmdhist.c, src/eval.c, src/evalfunc.c, src/evalvars.c,
            src/ex_cmds.c, src/ex_docmd.c, src/ex_eval.c, src/json.c,
            src/menu.c, src/quickfix.c, src/sign.c, src/userfunc.c

Patch 8.2.1282
Problem:    Vim9: crash when using CheckScriptFailure() in
            Test_vim9script_call_fail_decl().
Solution:   Do not decrement the def_functions len unless the function was
            newly added.
Files:      src/vim9compile.c, src/testdir/test_vim9_func.vim

Patch 8.2.1283
Problem:    Vim9: error for misplaced -> lacks argument.
Solution:   Use the pointer before it was advanced.
Files:      src/vim9compile.c, src/testdir/test_vim9_expr.vim

Patch 8.2.1284
Problem:    Vim9: skipping over type includes following white space, leading
            to an error for missing white space.
Solution:   Do not skip over white space after the type.
Files:      src/vim9compile.c, src/testdir/test_vim9_func.vim

Patch 8.2.1285
Problem:    Vim9: argument types are not checked on assignment.
Solution:   Check function argument types. (issue #6507)
Files:      src/vim9compile.c, src/testdir/test_vim9_func.vim

Patch 8.2.1286
Problem:    Vim9: No error when using a type on a window variable
Solution:   Recognize the syntax and give an error. (closes #6521)
Files:      src/ex_docmd.c, src/testdir/test_vim9_script.vim

Patch 8.2.1287
Problem:    Vim9: crash when using an imported function.
Solution:   Add the function type to the imported entry. (closes #6522)
Files:      src/vim9script.c, src/vim9compile.c,
            src/testdir/test_vim9_script.vim

Patch 8.2.1288
Problem:    Vim9: cannot use mark in range.
Solution:   Use the flag that a colon was seen. (closes #6528)
Files:      src/ex_docmd.c, src/testdir/test_vim9_func.vim

Patch 8.2.1289
Problem:    Crash when using a custom completion function.
Solution:   Initialize all of the expand_T. (closes #6532)
Files:      src/cmdexpand.c

Patch 8.2.1290
Problem:    Vim9: cannot replace a global function.
Solution:   Allow for "!" on a global function. (closes #6524)  Also fix that
            :delfunc on a :def function only made it empty.
Files:      src/userfunc.c, src/testdir/test_vim9_script.vim

Patch 8.2.1291
Problem:    Vim9: type of varargs items is not checked.
Solution:   Check the list item types. (closes #6523)
Files:      src/vim9execute.c, src/testdir/test_vim9_func.vim

Patch 8.2.1292
Problem:    AIDL filetype not recognized.
Solution:   Add filetype detection. (Dominique PellÃ©, closes #6533)
Files:      runtime/filetype.vim, src/testdir/test_filetype.vim

Patch 8.2.1293
Problem:    Vim9: :execute mixes up () expression and function call.
Solution:   Do not skip white space when looking for the "(". (closes #6531)
Files:      src/vim9compile.c, src/testdir/test_vim9_script.vim

Patch 8.2.1294
Problem:    Vim9: error when using vim9script in TextYankPost.
Solution:   Use EX_LOCKOK instead of the EX_CMDWIN flag for command that can
            be used when text is locked. (closes #6529)
Files:      src/ex_cmds.h, src/ex_docmd.c

Patch 8.2.1295
Problem:    Tests 44 and 99 are old style.
Solution:   Convert to new style tests. (Yegappan Lakshmanan, closes #6536)
Files:      src/Makefile, src/testdir/Make_all.mak, src/testdir/Make_vms.mms,
            src/testdir/test44.in, src/testdir/test44.ok,
            src/testdir/test99.in, src/testdir/test99.ok,
            src/testdir/test_regexp_utf8.vim

Patch 8.2.1296
Problem:    Some part of using 'smartcase' was not tested.
Solution:   Add more tests. (Dominique PellÃ©, closes #6538)
Files:      src/testdir/test_search.vim

Patch 8.2.1297
Problem:    When a test fails it's often not easy to see what the call stack
            is.
Solution:   Add more entries from the call stack in the exception message.
Files:      runtime/doc/cmdline.txt, src/scriptfile.c,
            src/proto/scriptfile.pro, src/debugger.c, src/ex_docmd.c,
            src/ex_eval.c, src/message.c, src/testing.c,
            src/testdir/test_expand_func.vim

Patch 8.2.1298
Problem:    Compiler warning for unused argument in small version.
Solution:   Add UNUSED.
Files:      src/scriptfile.c

Patch 8.2.1299
Problem:    Compiler warning for using size_t for int and void pointer.
Solution:   Add type casts.
Files:      src/scriptfile.c

Patch 8.2.1300
Problem:    Vim9: optional argument type not parsed properly.
Solution:   Skip over the "?". (issue #6507)
Files:      src/vim9compile.c, src/proto/vim9compile.pro, src/evalvars.c,
            src/userfunc.c, src/testdir/test_vim9_func.vim

Patch 8.2.1301
Problem:    Vim9: varargs argument type not parsed properly.
Solution:   Skip over the "...". (issue #6507)
Files:      src/vim9compile.c, src/testdir/test_vim9_func.vim

Patch 8.2.1302
Problem:    Vim9: varargs arg after optional arg does not work
Solution:   Check for the "..." first. (issue #6507)
Files:      src/vim9compile.c, src/testdir/test_vim9_func.vim

Patch 8.2.1303
Problem:    Calling popup_setoptions() resets 'signcolumn'.
Solution:   Only set 'signcolumn' when creating the popup. (closes #6542)
Files:      src/popupwin.c, src/testdir/test_popupwin.vim

Patch 8.2.1304
Problem:    Debug backtrace isn't tested much.
Solution:   Add more specific tests. (Ben Jackson, closes #6540)
Files:      src/testdir/runtest.vim, src/testdir/test_debugger.vim

Patch 8.2.1305
Problem:    Some tests are still old style.
Solution:   Convert tests 52 and 70 to new style. (Yegappan Lakshmanan,
            closes #6544)  Fix error in FinishTesting().
Files:      src/testdir/runtest.vim, src/Makefile, src/testdir/Make_all.mak,
            src/testdir/Make_amiga.mak, src/testdir/Make_vms.mms,
            src/testdir/test52.in, src/testdir/test52.ok,
            src/testdir/test70.in, src/testdir/test70.ok,
            src/testdir/test_mzscheme.vim, src/testdir/test_writefile.vim

Patch 8.2.1306
Problem:    Checking for first character of dict key is inconsistent.
Solution:   Add eval_isdictc(). (closes #6546)
Files:      src/eval.c, src/proto/eval.pro, src/vim9compile.c,
            src/testdir/test_listdict.vim, src/testdir/test_vim9_expr.vim,
            src/testdir/test_let.vim

Patch 8.2.1307
Problem:    popup window width does not include number, fold of sign column
            width.
Solution:   Take number, fold and sign column with into account.
Files:      src/popupwin.c, src/testdir/test_popupwin.vim,
            src/testdir/dumps/Test_popupwin_sign_2.dump

Patch 8.2.1308
Problem:    Vim9: accidentally using "x" causes Vim to exit.
Solution:   Disallow using ":x" or "xit" in Vim9 script. (closes #6399)
Files:      runtime/doc/vim9.txt, src/vim9compile.c, src/vim9script.c,
            src/proto/vim9script.pro, src/ex_docmd.c, src/ex_cmds.c,
            src/testdir/test_vim9_script.vim

Patch 8.2.1309
Problem:    Build failure with tiny version.
Solution:   Add #ifdef.
Files:      src/ex_cmds.c, src/ex_docmd.c

Patch 8.2.1310
Problem:    Configure with Xcode 12 fails to check for tgetent.
Solution:   Declare tgetent(). (Ozaki Kiichi, closes #6558)
Files:      src/configure.ac, src/auto/configure

Patch 8.2.1311
Problem:    Test failures with legacy Vim script.
Solution:   Actually check for Vim9 script.
Files:      src/vim9script.c

Patch 8.2.1312
Problem:    MS-Windows: terminal test may fail if dir.exe exists.
Solution:   Use dir.com. (Ken Takata, closes #6557)
Files:      src/testdir/test_terminal3.vim

Patch 8.2.1313
Problem:    Vim9 script: cannot assign to environment variable.
Solution:   Recognize environment variable assignment. (closes #6548)
            Also options and registers.
Files:      src/ex_docmd.c, src/testdir/test_vim9_script.vim

Patch 8.2.1314
Problem:    Vim9: rule for comment after :function is confusing.
Solution:   Allow double quoted comment after :function in vim9script.
            (closes #6556)
Files:      src/userfunc.c, src/testdir/test_vim9_script.vim

Patch 8.2.1315
Problem:    MS-Windows: test log contains escape sequences.
Solution:   Do not use t_md and t_me but ANSI escape sequences. (Ken Takata,
            closes #6559)
Files:      src/testdir/runtest.vim

Patch 8.2.1316
Problem:    Test 42 is still old style.
Solution:   Turn it into a new style test. (Yegappan Lakshmanan, closes #6561)
Files:      src/Makefile, src/testdir/Make_all.mak, src/testdir/Make_dos.mak,
            src/testdir/Make_ming.mak, src/testdir/Make_vms.mms,
            src/testdir/test42.in, src/testdir/test42.ok,
            src/testdir/test_writefile.vim

Patch 8.2.1317
Problem:    MS-Windows tests on AppVeyor are slow.
Solution:   Use GitHub Actions. (Ken Takata, closes #6569)
Files:      Filelist, .github/workflows/ci-windows.yaml, appveyor.yml,
            ci/appveyor.bat

Patch 8.2.1318
Problem:    No status badge for Github CI.
Solution:   Add a badge.
Files:      README.md

Patch 8.2.1319
Problem:    Status badge for Github CI has wrong link.
Solution:   Rename and use the right link
Files:      README.md, .github/workflows/ci-windows.yaml

Patch 8.2.1320
Problem:    Vim9: cannot declare some single letter variables.
Solution:   Do not recognize a colon for a namespace for single letter
            variables. (closes #6547)
Files:      src/vim9compile.c, src/testdir/test_vim9_script.vim

Patch 8.2.1321
Problem:    GitHub CI also runs on tag push.
Solution:   Skip CI on push. (Ken Takata, closes #6571)
Files:      .github/workflows/ci-windows.yaml

Patch 8.2.1322
Problem:    Vim9: method on double quoted string doesn't work.
Solution:   Recognize double quoted string. (closes #6562)
Files:      src/ex_docmd.c, src/testdir/test_vim9_func.vim,
            src/testdir/test_vim9_expr.vim

Patch 8.2.1323
Problem:    Vim9: invalid operators only rejected in :def function.
Solution:   Also reject them at script level. (closes #6564)
Files:      src/eval.c, src/vim9compile.c, src/proto/vim9compile.pro,
            src/testdir/test_vim9_expr.vim

Patch 8.2.1324
Problem:    Vim9: line break after "=" does not work.
Solution:   Also allow for NUL after "=". (closes #6549)
Files:      src/evalvars.c, src/testdir/test_vim9_script.vim

Patch 8.2.1325
Problem:    Vim9: using Vim9 script for autoload not tested.
Solution:   Add a test.  Update help.
Files:      runtime/doc/vim9.txt, src/testdir/test_autoload.vim,
            src/testdir/sautest/autoload/auto9.vim

Patch 8.2.1326
Problem:    Vim9: skipping over white space after list.
Solution:   Do not skip white space, a following [] would be misinterpreted.
            (closes #6552)  Fix a few side effects.
Files:      src/list.c, src/dict.c, src/eval.c, src/userfunc.c,
            src/testdir/test_functions.vim, src/testdir/test_gn.vim,
            src/testdir/test_popupwin.vim, src/testdir/test_tabpage.vim,
            src/testdir/test_textprop.vim, src/testdir/test_textobjects.vim

Patch 8.2.1327
Problem:    Mac: configure can't find Tcl libraries.
Solution:   Adjust configure check. (closes #6575)
Files:      src/configure.ac, src/auto/configure

Patch 8.2.1328
Problem:    No space allowed before comma in list.
Solution:   Legacy Vim script allows it. (closes #6577)
Files:      src/dict.c, src/list.c, src/testdir/test_listdict.vim

Patch 8.2.1329
Problem:    Vim9: cannot define global function inside :def function.
Solution:   Assign to global variable instead of local. (closes #6584)
Files:      src/vim9compile.c, src/userfunc.c, src/proto/userfunc.pro,
            src/vim9.h, src/vim9execute.c, src/structs.h,
            src/misc2.c, src/proto/misc2.pro, src/testdir/test_vim9_func.vim,
            src/testdir/test_vim9_disassemble.vim

Patch 8.2.1330
Problem:    Github workflow takes longer than needed.
Solution:   Do two test runs in parallel instead of sequentially. (Ken Takata,
            closes #6579)
Files:      .github/workflows/ci-windows.yaml

Patch 8.2.1331
Problem:    Vim9: :echo with two lists doesn't work.
Solution:   Do not skip white space before []. (closes #6552)
Files:      src/vim9compile.c, src/testdir/test_vim9_expr.vim

Patch 8.2.1332
Problem:    Vim9: memory leak when using nested global function.
Solution:   Delete the function when deleting the instruction.  Disable test
            that still causes a leak.
Files:      src/vim9compile.c, src/userfunc.c, src/proto/userfunc.pro,
            src/testdir/test_vim9_func.vim

Patch 8.2.1333
Problem:    Vim9: memory leak when using nested global function.
Solution:   Swap from and to when copying the lines.
Files:      src/userfunc.c, src/testdir/test_vim9_func.vim

Patch 8.2.1334
Problem:    Github workflow timeout needs tuning
Solution:   Use a 10 minute timeout. Fail when timing out. (Ken Takata,
            closes #6590)
Files:      .github/workflows/ci-windows.yaml

Patch 8.2.1335
Problem:    CTRL-C in the GUI doesn't interrupt. (Sergey Vlasov)
Solution:   Recognize "C" with CTRL modifier as CTRL-C. (issue #6565)
Files:      src/gui.c, src/proto/gui.pro, src/gui_gtk_x11.c, src/gui_x11.c,
            src/gui_photon.c

Patch 8.2.1336 (after 8.2.1335)
Problem:    Build failure on non-Unix systems.
Solution:   Add #ifdef.
Files:      src/gui.c

Patch 8.2.1337
Problem:    Vim9: cannot use empty key in dict assignment.
Solution:   Allow empty key. (closes #6591)
Files:      src/vim9execute.c, src/testdir/test_vim9_script.vim

Patch 8.2.1338
Problem:    Vim9: assigning to script-local variable doesn't check type.
Solution:   Use the type. (issue #6591)
Files:      src/vim9compile.c, src/vim9execute.c,
            src/testdir/test_vim9_script.vim

Patch 8.2.1339
Problem:    Vim9: assigning to global dict variable doesn't work.
Solution:   Guess variable type based in index type. (issue #6591)
Files:      src/vim9compile.c, src/testdir/test_vim9_script.vim

Patch 8.2.1340
Problem:    Some tests fail on Cirrus CI and/or with FreeBSD.
Solution:   Make 'backupskip' empty. Do not run tests as root. Check for
            directory when using viminfo. (Ozaki Kiichi, closes #6596)
Files:      .cirrus.yml, src/testdir/test_backup.vim,
            src/testdir/test_edit.vim, src/testdir/test_viminfo.vim,
            src/testdir/test_writefile.vim, src/viminfo.c

Patch 8.2.1341
Problem:    Build failures.
Solution:   Add missing error message.
Files:      src/globals.h

Patch 8.2.1342
Problem:    Vim9: accidentally using "x" gives a confusing error.
Solution:   Disallow using ":t" in Vim9 script. (issue #6399)
Files:      runtime/doc/vim9.txt, src/vim9compile.c, src/vim9script.c,
            src/ex_docmd.c, src/testdir/test_vim9_script.vim

Patch 8.2.1343
Problem:    Vim9: cannot find global function when using g: when local
            function with the same name exists.
Solution:   Find global function when using g:.
Files:      src/userfunc.c, src/testdir/test_vim9_func.vim

Patch 8.2.1344
Problem:    Vim9: No test for trying to redefine global function.
Solution:   Add a test.
Files:      src/testdir/test_vim9_func.vim

Patch 8.2.1345
Problem:    Redraw error when using visual block and scroll.
Solution:   Add check for w_topline. (closes #6597)
Files:      src/drawscreen.c, src/testdir/test_display.vim,
            src/testdir/dumps/Test_display_visual_block_scroll.dump

Patch 8.2.1346
Problem:    Small build fails.
Solution:   Add #ifdef.
Files:      src/ex_docmd.c

Patch 8.2.1347
Problem:    Cannot easily get the script ID.
Solution:   Support expand('<SID>').
Files:      runtime/doc/map.txt, src/ex_docmd.c,
            src/testdir/test_expand_func.vim

Patch 8.2.1348
Problem:    Build failure without the eval feature.
Solution:   Add #ifdef.
Files:      src/ex_docmd.c

Patch 8.2.1349
Problem:    Vim9: can define a function with the name of an import.
Solution:   Disallow using an existing name. (closes #6585)
Files:      src/userfunc.c, src/vim9compile.c, src/globals.h,
            src/testdir/test_vim9_script.vim

Patch 8.2.1350
Problem:    Vim9: no test for error message when redefining function.
Solution:   Add a test.
Files:      src/testdir/test_vim9_script.vim

Patch 8.2.1351
Problem:    Vim9: no proper error if using namespace for nested function.
Solution:   Specifically check for a namespace. (closes #6582)
Files:      src/vim9compile.c, src/testdir/test_vim9_func.vim

Patch 8.2.1352
Problem:    Vim9: no error for shadowing a script-local function by a nested
            function.
Solution:   Check for script-local function. (closes #6586)
Files:      src/vim9compile.c, src/testdir/test_vim9_func.vim

Patch 8.2.1353
Problem:    Crash when drawing double-wide character in terminal window.
            (Masato Nishihata)
Solution:   Check getcell() returning NULL. (issue #6141)
Files:      src/libvterm/src/screen.c, src/testdir/test_terminal.vim

Patch 8.2.1354
Problem:    Test 59 is old style.
Solution:   Convert into a new style test. (Yegappan Lakshmanan, closes #6604)
Files:      runtime/doc/eval.txt, src/Makefile, src/testdir/Make_all.mak,
            src/testdir/Make_vms.mms, src/testdir/test59.in,
            src/testdir/test59.ok, src/testdir/test_spell_utf8.vim

Patch 8.2.1355
Problem:    Vim9: no error using :let for options and registers.
Solution:   Give an error. (closes #6568)
Files:      src/evalvars.c, src/vim9compile.c,
            src/testdir/test_vim9_script.vim

Patch 8.2.1356
Problem:    Vim9: cannot get the percent register.
Solution:   Check for readable registers instead of writable. (closes #6566)
Files:      src/vim9compile.c, src/testdir/test_vim9_expr.vim

Patch 8.2.1357
Problem:    Vim9: cannot assign to / register.
Solution:   Adjust check for assignment. (issue #6566)
Files:      src/vim9compile.c, src/testdir/test_vim9_expr.vim,
            src/testdir/test_vim9_script.vim

Patch 8.2.1358
Problem:    Vim9: test fails with +dnd is not available.
Solution:   Add condition.
Files:      src/testdir/test_vim9_script.vim

Patch 8.2.1359
Problem:    Vim9: cannot assign to / register in Vim9 script.
Solution:   Adjust check for assignment in Vim9 script. (closes #6567)
Files:      src/ex_docmd.c, src/testdir/test_vim9_script.vim

Patch 8.2.1360
Problem:    Stray error for white space after expression.
Solution:   Ignore trailing white space. (closes #6608)
Files:      src/eval.c, src/testdir/test_filter_map.vim

Patch 8.2.1361
Problem:    Error for white space after expression in assignment.
Solution:   Skip over white space. (closes #6617)
Files:      src/eval.c, src/testdir/test_expr.vim

Patch 8.2.1362
Problem:    Last entry of ":set term=xxx" overwritten by error message when
            'cmdheight' is two or more. (Tony Mechelynck)
Solution:   Output extra line breaks.
Files:      src/term.c, src/testdir/test_termcodes.vim

Patch 8.2.1363
Problem:    Test trying to run terminal when it is not supported.
Solution:   Check if Vim can be run in a terminal.
Files:      src/testdir/test_termcodes.vim

Patch 8.2.1364
Problem:    Invalid memory access when searching for raw string.
Solution:   Check for delimiter match before following quote. (closes #6578)
Files:      src/search.c

Patch 8.2.1365
Problem:    Vim9: no error for missing white space around operator.
Solution:   Check for white space. (closes #6618)
Files:      src/eval.c, src/vim9compile.c, src/proto/vim9compile.pro,
            src/evalvars.c, src/testdir/test_vim9_expr.vim,
            src/testdir/test_vim9_func.vim

Patch 8.2.1366
Problem:    Test 49 is old style.
Solution:   Convert several tests to new style. (Yegappan Lakshmanan,
            closes #6629)
Files:      src/testdir/script_util.vim, src/testdir/test49.ok,
            src/testdir/test49.vim, src/testdir/test_vimscript.vim

Patch 8.2.1367
Problem:    Vim9: no error for missing white space around operator.
Solution:   Check for white space around *, / and %.
Files:      src/eval.c, src/testdir/test_vim9_expr.vim

Patch 8.2.1368
Problem:    Vim9: no error for missing white space around operator.
Solution:   Check for white space around <, !=, etc.
Files:      src/eval.c, src/testdir/test_vim9_expr.vim

Patch 8.2.1369
Problem:    MS-Windows: autocommand test sometimes fails.
Solution:   Do not rely on the cat command.
Files:      src/testdir/test_autocmd.vim

Patch 8.2.1370
Problem:    MS-Windows: warning for using fstat() with stat_T.
Solution:   use _fstat64() if available. (Naruhiko Nishino, closes #6625)
Files:      src/macros.h

Patch 8.2.1371
Problem:    Vim9: no error for missing white space around operator.
Solution:   Check for white space around && and ||.
Files:      src/eval.c, src/testdir/test_vim9_expr.vim

Patch 8.2.1372
Problem:    Vim9: no error for missing white space around operator.
Solution:   Check for white space around ? and :.
Files:      src/eval.c, src/testdir/test_vim9_expr.vim

Patch 8.2.1373
Problem:    Vim9: no error for assigning to non-existing script var.
Solution:   Check that in Vim9 script the variable was defined. (closes #6630)
Files:      src/vim9compile.c, src/userfunc.c, src/structs.h,
            src/testdir/test_vim9_script.vim

Patch 8.2.1374
Problem:    Vim9: error for assigning empty list to script variable.
Solution:   Use t_unknown for empty list member. (closes #6595)
Files:      src/vim9compile.c, src/testdir/test_vim9_script.vim

Patch 8.2.1375
Problem:    Vim9: method name with digit not accepted.
Solution:   Use eval_isnamec() instead of eval_isnamec1(). (closes #6613)
Files:      src/vim9compile.c, src/testdir/test_vim9_expr.vim

Patch 8.2.1376
Problem:    Vim9: expression mapping causes error for using :import.
Solution:   Add EX_LOCK_OK to :import and :export. (closes #6606)
Files:      src/ex_cmds.h, src/testdir/test_vim9_script.vim

Patch 8.2.1377
Problem:    Triggering the ATTENTION prompt causes typeahead to be messed up.
Solution:   Increment tb_change_cnt. (closes #6541)
Files:      src/getchar.c

Patch 8.2.1378
Problem:    Cannot put space between function name and paren.
Solution:   Allow this for backwards compatibility.
Files:      src/eval.c, src/testdir/test_expr.vim,
            src/testdir/test_vim9_expr.vim

Patch 8.2.1379
Problem:    Curly braces expression ending in " }" does not work.
Solution:   Skip over white space when checking for "}". (closes #6634)
Files:      src/dict.c, src/testdir/test_eval_stuff.vim

Patch 8.2.1380
Problem:    Vim9: return type of getreg() is always a string.
Solution:   Use list of strings when there are three arguments. (closes #6633)
Files:      src/evalfunc.c, src/testdir/test_vim9_func.vim

Patch 8.2.1381
Problem:    MS-Windows: crash with Python 3.5 when stdin is redirected.
Solution:   Reconnect stdin. (Yasuhiro Matsumoto, Ken Takata, closes #6641)
Files:      src/Make_cyg_ming.mak, src/Make_mvc.mak, src/if_python3.c

Patch 8.2.1382
Problem:    Vim9: using :import in filetype plugin gives an error.
Solution:   Allow commands with the EX_LOCK_OK flag. (closes #6636)
Files:      src/ex_docmd.c, src/testdir/test_vim9_script.vim

Patch 8.2.1383
Problem:    Test 49 is old style.
Solution:   Convert test cases to new style. (Yegappan Lakshmanan,
            closes #6638)
Files:      src/testdir/test49.ok, src/testdir/test49.vim,
            src/testdir/test_vimscript.vim

Patch 8.2.1384
Problem:    No ATTENTION prompt for :vimgrep first match file.
Solution:   When there is an existing swap file do not keep the dummy buffer.
            (closes #6649)
Files:      src/quickfix.c, src/testdir/runtest.vim,
            src/testdir/test_quickfix.vim

Patch 8.2.1385
Problem:    No testing on ARM.
Solution:   Add a test on Travis for ARM. (Ozaki Kiichi, closes #6615)
Files:      .travis.yml

Patch 8.2.1386
Problem:    Backslash not removed after space in option with space in
            'isfname'.
Solution:   Do remove backslash before space, also when it is in 'isfname'.
            (Yasuhiro Matsumoto, closes #6651)
Files:      src/option.c, src/testdir/test_options.vim

Patch 8.2.1387
Problem:    Vim9: cannot assign to single letter variable with type.
Solution:   Exclude the colon from the variable name. (closes #6647)
Files:      src/eval.c, src/testdir/test_vim9_script.vim

Patch 8.2.1388
Problem:    Vim9: += only works for numbers.
Solution:   Use += as concatenate for a list. (closes #6646)
Files:      src/vim9compile.c, src/testdir/test_vim9_script.vim

Patch 8.2.1389
Problem:    File missing from the distribution.
Solution:   Add script_util.vim to the list of distributes files.
Files:      Filelist

Patch 8.2.1390
Problem:    Vim9: type error after storing an option value.
Solution:   Drop the type after a STOREOPT instruction. (closes #6632)
Files:      src/vim9compile.c, src/testdir/test_vim9_script.vim

Patch 8.2.1391
Problem:    Vim9: no error for shadowing a script function.
Solution:   Check for already defined items. (closes #6652)
Files:      src/vim9compile.c, src/testdir/test_vim9_script.vim

Patch 8.2.1392
Problem:    Vim9: error line number incorrect after skipping over comment
            lines.
Solution:   Insert empty lines for skipped lines.
Files:      src/userfunc.c, src/testdir/test_vim9_func.vim

Patch 8.2.1393
Problem:    Insufficient testing for script debugging.
Solution:   Add more tests. (Ben Jackson)
Files:      src/testdir/test_debugger.vim

Patch 8.2.1394
Problem:    Vim9: compiling a function interferes with command modifiers.
Solution:   Save and restore command modifiers. (closes #6658)
Files:      src/vim9compile.c, src/testdir/test_vim9_func.vim,
            src/testdir/test_vim9_script.vim

Patch 8.2.1395
Problem:    Vim9: no error if declaring a funcref with a lower case letter.
Solution:   Check the name after the type is inferred. Fix confusing name.
Files:      src/vim9compile.c, src/dict.c, src/eval.c, src/evalvars.c,
            src/proto/evalvars.pro, src/testdir/test_vim9_script.vim,
            src/testdir/test_vim9_expr.vim

Patch 8.2.1396
Problem:    Vim9: no error for unexpectedly returning a value.
Solution:   Only set the return type for lambda's.  Make using function type
            in a function reference work.
Files:      src/vim9compile.c, src/testdir/test_vim9_func.vim

Patch 8.2.1397
Problem:    Vim9: return type of maparg() not adjusted for fourth argument.
Solution:   Check if fourth argument is present. (closes #6645)
Files:      src/evalfunc.c, src/testdir/test_maparg.vim

Patch 8.2.1398
Problem:    Autoload script sourced twice if sourced directly.
Solution:   Do not source an autoload script again. (issue #6644)
Files:      src/scriptfile.c, src/testdir/sautest/autoload/sourced.vim

Patch 8.2.1399
Problem:    Vim9: may find imported item in wrong script.
Solution:   When looking up script-local function use the embedded script ID.
            (issue #6644)
Files:      src/vim9compile.c, src/proto/vim9compile.pro, src/userfunc.c,
            src/testdir/test_vim9_script.vim

Patch 8.2.1400
Problem:    Vim9: test does not delete written files.
Solution:   Correct file names.
Files:      src/testdir/test_vim9_script.vim

Patch 8.2.1401
Problem:    Cannot jump to the last used tabpage.
Solution:   Add g<Tab> and tabpagnr('#'). (Yegappan Lakshmanan, closes #6661,
            neovim #11626)
Files:      runtime/doc/eval.txt, runtime/doc/index.txt,
            runtime/doc/tabpage.txt, src/evalwindow.c, src/globals.h,
            src/normal.c, src/proto/window.pro, src/testdir/test_tabpage.vim,
            src/window.c

Patch 8.2.1402
Problem:    s390x tests always fail.
Solution:   Temporarily disable s390x tests.
Files:      .travis.yml

Patch 8.2.1403
Problem:    Vim9: Vim highlighting fails in cmdline window if it uses Vim9
            commands.
Solution:   Allow using :vim9script, :import and :export while in the cmdline
            window. (closes #6656)
Files:      src/ex_cmds.h, src/testdir/test_vim9_script.vim

Patch 8.2.1404
Problem:    Vim9: script test fails in the GUI.
Solution:   Use another key to map.  Improve cleanup.
Files:      src/testdir/test_vim9_script.vim

Patch 8.2.1405
Problem:    Vim9: vim9compile.c is getting too big.
Solution:   Split off type code to vim9type.c.
Files:      Filelist, src/vim9compile.c, src/proto/vim9compile.pro,
            src/vim9type.c, src/proto/vim9type.pro, src/proto.h,
            src/Make_cyg_ming.mak, src/Make_mvc.mak, src/Makefile

Patch 8.2.1406
Problem:    Popupwindow lacks scrollbar if no "maxheight" is used.
Solution:   Compute the max height depending on the position. (closes #6664)
Files:      src/popupwin.c, src/testdir/test_popupwin.vim,
            src/testdir/dumps/Test_popupwin_toohigh_1.dump,
            src/testdir/dumps/Test_popupwin_toohigh_2.dump

Patch 8.2.1407
Problem:    Vim9: type of list and dict only depends on first item.
Solution:   Use all items to decide about the type.
Files:      src/vim9compile.c, src/vim9type.c, src/proto/vim9type.pro,
            src/testdir/test_vim9_expr.vim, runtime/doc/vim9.txt

Patch 8.2.1408
Problem:    Vim9: type casting not supported.
Solution:   Introduce type casting.
Files:      runtime/doc/vim9.txt, src/vim9compile.c,
            src/testdir/test_vim9_expr.vim,
            src/testdir/test_vim9_disassemble.vim

Patch 8.2.1409
Problem:    Npmrc and php.ini filetypes not recognized.
Solution:   Add filetype detection. (Doug Kearns)
Files:      runtime/filetype.vim, src/testdir/test_filetype.vim

Patch 8.2.1410
Problem:    Adding compiler plugin requires test change.
Solution:   Include compiler plugin and adjust test.
Files:      src/testdir/test_compiler.vim, runtime/compiler/xo.vim

Patch 8.2.1411
Problem:    when splitting a window localdir is copied but prevdir is not.
Solution:   Also copy prevdir. (closes #6667)
Files:      src/window.c, src/testdir/test_cd.vim

Patch 8.2.1412
Problem:    Vim: not operator does not result in boolean.
Solution:   Make type depend on operator. (issue 6678)  Fix using "false" and
            "true" in Vim9 script.
Files:      src/eval.c, src/testdir/test_vim9_expr.vim

Patch 8.2.1413 (after 8.2.1401)
Problem:    Previous tab page not usable from an Ex command.
Solution:   Add the "#" argument for :tabnext et al. (Yegappan Lakshmanan,
            closes #6677)
Files:      runtime/doc/tabpage.txt, src/ex_docmd.c, src/window.c,
            src/testdir/test_tabpage.vim

Patch 8.2.1414
Problem:    Popupwindow missing last couple of lines when cursor is in the
            first line.
Solution:   Compute the max height also when top aligned. (closes #6664)
Files:      src/popupwin.c, src/testdir/test_popupwin.vim,
            src/testdir/dumps/Test_popupwin_toohigh_3.dump,
            src/testdir/dumps/Test_popupwin_nospace.dump

Patch 8.2.1415
Problem:    Closing a popup window with CTRL-C interrupts 'statusline' if it
            calls a function.
Solution:   Reset got_int while redrawing. (closes #6675)
Files:      src/popupwin.c, src/testdir/test_popupwin.vim,
            src/testdir/dumps/Test_popupwin_ctrl_c.dump

Patch 8.2.1416
Problem:    Vim9: boolean evaluation does not work as intended.
Solution:   Use tv2bool() in Vim9 script. (closes #6681)
Files:      src/eval.c, src/testdir/test_vim9_expr.vim, src/testdir/vim9.vim

Patch 8.2.1417
Problem:    Test 49 is old style.
Solution:   Convert more parts to new style test. (Yegappan Lakshmanan,
            closes #6682)
Files:      src/testdir/test49.ok, src/testdir/test49.vim,
            src/testdir/test_vimscript.vim

Patch 8.2.1418
Problem:    Vim9: invalid error for missing white space after function.
Solution:   Do not skip over white space. (closes #6679)
Files:      src/userfunc.c, src/testdir/test_vim9_expr.vim

Patch 8.2.1419
Problem:    Vim9: not operator applied too early.
Solution:   Implement the "numeric_only" argument. (closes #6680)
Files:      src/vim9compile.c, src/testdir/test_vim9_expr.vim

