Patch 8.2.2597
Problem:    Vim9: "import * as" does not work at script level.
Solution:   Implement using an imported namespace.
Files:      src/vim.h, src/eval.c, src/evalvars.c, src/proto/evalvars.pro,
            src/vim9execute.c, src/errors.h, src/vim9script.c,
            src/proto/vim9script.pro, src/testdir/test_vim9_script.vim

Patch 8.2.2598
Problem:    Vim9: :open does not need to be supported.
Solution:   Do not support :open in Vim9 script.
Files:      src/ex_docmd.c, src/vim9script.c, src/testdir/test_vim9_script.vim

Patch 8.2.2599 (after 8.2.2597)
Problem:    Build failure.
Solution:   Add missing change.
Files:      src/vim9compile.c

Patch 8.2.2600
Problem:    Vim9: crash when putting an unknown type in a dictionary.
            (Yegappan Lakshmanan)
Solution:   Handle a NULL type pointer.
Files:      src/vim9type.c, src/testdir/test_vim9_builtin.vim

Patch 8.2.2601
Problem:    Memory usage test often fails on FreeBSD.
Solution:   Increase multiplier for upper limit.
Files:      src/testdir/test_memory_usage.vim

Patch 8.2.2602
Problem:    Vim9: continue doesn't work if :while is very first command.
            (Yegappan Lakshmanan)
Solution:   Add one to the continue instruction index.
Files:      src/vim9execute.c, src/testdir/test_vim9_script.vim

Patch 8.2.2603
Problem:    Vim9: no effect if user command is also a function.
Solution:   Check for paren following. (closes #7960)
Files:      src/evalvars.c, src/proto/evalvars.pro, src/ex_docmd.c,
            src/proto/ex_docmd.pro, src/vim9compile.c,
            src/testdir/test_vim9_cmd.vim

Patch 8.2.2604
Problem:    GUI-specific command line arguments not tested.
Solution:   Add tests for several arguments. (Dominique Pellé, closes #7962)
Files:      src/testdir/test_startup.vim

Patch 8.2.2605
Problem:    Vim9: string index and slice does not include composing chars.
Solution:   Include composing characters. (issue #6563)
Files:      runtime/doc/vim9.txt, src/vim9execute.c,
            src/testdir/test_vim9_expr.vim

Patch 8.2.2606
Problem:    strchars() defaults to counting composing characters.
Solution:   Add strcharlen() which ignores composing characters.
Files:      runtime/doc/eval.txt, runtime/doc/usr_41.txt, src/evalfunc.c,
            src/testdir/test_utf8.vim

Patch 8.2.2607
Problem:    strcharpart() cannot include composing characters.
Solution:   Add the {skipcc} argument.
Files:      runtime/doc/eval.txt, src/evalfunc.c,
            src/testdir/test_expr_utf8.vim

Patch 8.2.2608
Problem:    Character input not fully tested.
Solution:   Add more tests. (Yegappan Lakshmanan, closes #7963)
Files:      src/testdir/test_functions.vim, src/testdir/test_messages.vim,
            src/testdir/test_paste.vim, src/testdir/test_registers.vim,
            src/testdir/test_undo.vim

Patch 8.2.2609
Problem:    Test disabled on MS-Windows even though it should work.
Solution:   Restore the condition for skipping the test. (Ken Takata,
            closes #7970)
Files:      src/testdir/test_startup.vim

Patch 8.2.2610
Problem:    Mouse click test fails when using remote connection.
Solution:   Use a larger 'mousetime'. (Dominique Pellé, closes #7968)
Files:      src/testdir/test_selectmode.vim

Patch 8.2.2611
Problem:    Conditions for startup tests are not exactly right.
Solution:   Check for type of GUI instead of MS-Windows. (Ozaki Kiichi,
            closes #7976)
Files:      src/main.c, src/testdir/check.vim, src/testdir/test_startup.vim

Patch 8.2.2612
Problem:    col('.') may get outdated column value.
Solution:   Add a note to the help how to make this work and add a test for
            it. (closes #7971)
Files:      runtime/doc/map.txt, src/testdir/test_mapping.vim

Patch 8.2.2613 (after 8.2.2612)
Problem:    New test throws exception.
Solution:   Adjust the function cleanup.
Files:      src/testdir/test_mapping.vim

Patch 8.2.2614
Problem:    Vim9: function is deleted while executing.
Solution:   increment the call count, when more than zero do not delete the
            function but mark it as dead. (closes #7977)
Files:      src/vim9execute.c, src/userfunc.c,
            src/testdir/test_vim9_script.vim

Patch 8.2.2615 (after 8.2.2614)
Problem:    Test is sourcing the wrong file.
Solution:   Correct the file name.
Files:      src/testdir/test_vim9_script.vim

Patch 8.2.2616
Problem:    Vim9: if 'cpo' is changed in Vim9 script it may be restored.
Solution:   Apply the changes to 'cpo' to the restored value.
Files:      runtime/doc/vim9.txt, src/scriptfile.c,
            src/testdir/test_vim9_script.vim

Patch 8.2.2617
Problem:    Vim9: script variable in a block scope not found by a nested
            function.
Solution:   Copy the block scope IDs before compiling the function.
Files:      src/vim9compile.c, src/testdir/test_vim9_func.vim,
            src/testdir/test_vim9_disassemble.vim

Patch 8.2.2618
Problem:    Vim9: cannot use a normal list name to store function refs.
Solution:   Allow a lower case name if it is indexed.
Files:      src/vim9compile.c, src/testdir/test_vim9_assign.vim

Patch 8.2.2619
Problem:    Vim9: no test for return type of lambda.
Solution:   Add a test.
Files:      src/testdir/test_vim9_func.vim

Patch 8.2.2620
Problem:    Vim9: Using #{ for a dictionary gives strange errors.
Solution:   Give an error when using #{ for a comment after a command.
Files:      src/vim9compile.c, src/vim9script.c, src/proto/vim9script.pro,
            src/errors.h, src/testdir/test_vim9_expr.vim,
            src/testdir/test_vim9_script.vim

Patch 8.2.2621
Problem:    typval2type() cannot handle recursive structures.
Solution:   Use copyID. (closes #7979)
Files:      src/list.c, src/vim9script.c, src/vim9type.c,
            src/proto/vim9type.pro, src/testdir/test_vimscript.vim

Patch 8.2.2622
Problem:    GTK: error when starting up and -geometry is given. (Dominique
            Pellé)
Solution:   Use another function to get the monitor if the window has not been
            created yet. (closes #7978)
Files:      src/gui_gtk_x11.c, src/proto/gui_gtk_x11.pro, src/gui_beval.c,
            src/gui_xim.c

Patch 8.2.2623
Problem:    Some tests fail when run as root.
Solution:   Use CheckNotRoot.
Files:      src/testdir/test_edit.vim, src/testdir/test_excmd.vim,
            src/testdir/test_help.vim, src/testdir/test_writefile.vim

Patch 8.2.2624
Problem:    Atom files not recognized.
Solution:   Recognize .atom as XML. (Kivin Locke, closes #7986)
Files:      runtime/filetype.vim, src/testdir/test_filetype.vim

Patch 8.2.2625
Problem:    Rss files not recognized.
Solution:   Recognize .rss as XML. (Kivin Locke, closes #7987)
Files:      runtime/filetype.vim, src/testdir/test_filetype.vim

Patch 8.2.2626
Problem:    GTK3: error when starting up and -geometry is given. (Dominique
            Pellé)
Solution:   Use another function to get the monitor if the window has not been
            created yet. (closes #7978)
Files:      src/gui_gtk_x11.c

Patch 8.2.2627
Problem:    No need to check for BSD after checking for not root.
Solution:   Remove CheckNotBSD. (Ozaki Kiichi, closes #7989)
Files:      src/testdir/test_excmd.vim, src/testdir/test_help.vim,
            src/testdir/check.vim

Patch 8.2.2628
Problem:    Vim9: #{ can still be used at the script level.
Solution:   Give an error for #{ like in a :def function.
Files:      src/eval.c, src/ex_docmd.c, src/testdir/test_vim9_expr.vim

Patch 8.2.2629
Problem:    Vim9: error for #{{ is not desired.
Solution:   Adjust the checks. (closes #7990)
Files:      src/errors.h, src/vim9script.c, src/ex_docmd.c,
            src/testdir/test_vim9_expr.vim

Patch 8.2.2630
Problem:    Hard to see where a test gets stuck.
Solution:   Print the executed test function. (Dominique Pellé, closes #7975)
Files:      src/testdir/Makefile

Patch 8.2.2631
Problem:    Commands from winrestcmd() do not always work properly. (Leonid V.
            Fedorenchik)
Solution:   Repeat the size commands twice. (closes #7988)
Files:      src/evalwindow.c, src/testdir/test_window_cmd.vim

Patch 8.2.2632
Problem:    Not all command line arguments are tested.
Solution:   Add tests for -D and -serverlist. (Dominique Pellé, closes #7992)
Files:      src/testdir/test_clientserver.vim, src/testdir/test_startup.vim

Patch 8.2.2633
Problem:    Multi-byte 'fillchars' for folding do not show properly.
Solution:   Handle multi-byte characters correctly. (Yegappan Lakshmanan,
            closes #7983, closes #7955)
Files:      src/screen.c, src/testdir/test_fold.vim

Patch 8.2.2634
Problem:    'tagfunc' does not indicate using a pattern.
Solution:   Add the "r" flag. (Andy Massimino, closes #7982)
Files:      runtime/doc/tagsrch.txt, src/tag.c, src/testdir/test_tagfunc.vim

Patch 8.2.2635
Problem:    Vim9: cannot define an inline function.
Solution:   Make an inline function mostly work.
Files:      src/userfunc.c, src/errors.h, src/vim9compile.c, src/misc2.c,
            src/proto/vim9compile.pro, src/testdir/test_vim9_expr.vim

Patch 8.2.2636 (after 8.2.2635)
Problem:    Memory leak when compiling inline function.
Solution:   Free the prefetched line.
Files:      src/userfunc.c, src/vim9compile.c, src/structs.h, src/globals.h,
            src/eval.c

Patch 8.2.2637
Problem:    prop_remove() causes a redraw even when nothing changed.
Solution:   Only redraw if a property was removed. (Dominique Pellé)
Files:      src/textprop.c

Patch 8.2.2638
Problem:    Cannot write a message to the terminal from the GUI.
Solution:   Add :echoconsole and use it in the test runner. (issue #7975)
Files:      runtime/doc/eval.txt, runtime/doc/index.txt, src/ex_cmds.h,
            src/ex_cmdidxs.h, src/eval.c, src/ui.c, src/proto/ui.pro,
            src/term.c, src/testdir/runtest.vim

Patch 8.2.2639 (after 8.2.2638)
Problem:    Build failure when fsync() is not available.
Solution:   Add #ifdef.
Files:      src/ui.c

Patch 8.2.2640
Problem:    screenstring() returns non-existing composing characters.
Solution:   Only use composing characters if there is a base character.
Files:      src/evalfunc.c, src/testdir/test_listchars.vim

Patch 8.2.2641
Problem:    Display test fails because of lacking redraw.
Solution:   Add a redraw command.
Files:      src/testdir/test_display.vim

Patch 8.2.2642
Problem:    Vim9: no clear error for wrong inline function.
Solution:   Check for something following the "{".
Files:      src/userfunc.c, src/testdir/test_vim9_expr.vim

Patch 8.2.2643
Problem:    Various code not covered by tests.
Solution:   Add a few more test. (Yegappan Lakshmanan, closes #7995)
Files:      src/testdir/test_edit.vim, src/testdir/test_functions.vim,
            src/testdir/test_mapping.vim, src/testdir/test_termcodes.vim,
            src/testdir/test_undo.vim

Patch 8.2.2644
Problem:    prop_clear() causes a screen update even when nothing changed.
Solution:   Only redraw when a property was cleared. (Dominique Pellé)
Files:      src/textprop.c

Patch 8.2.2645
Problem:    Using inline function is not properly tested.
Solution:   Add test cases, esp. for errors.  Minor code improvements.
Files:      src/userfunc.c, src/errors.h, src/testdir/test_vim9_expr.vim,
            src/testdir/test_vim9_func.vim

Patch 8.2.2646
Problem:    Vim9: error for not using string doesn't mention argument.
Solution:   Add argument number.
Files:      src/filepath.c, src/typval.c, src/proto/typval.pro, src/errors.h,
            src/mbyte.c, src/testdir/test_vim9_builtin.vim

Patch 8.2.2647
Problem:    Terminal test sometimes hangs.
Solution:   Wait for the shell to display a prompt.
Files:      src/testdir/test_terminal.vim

Patch 8.2.2648
Problem:    Terminal resize test sometimes hangs.
Solution:   Wait for the shell to display a prompt and other output.
Files:      src/testdir/test_terminal2.vim

Patch 8.2.2649
Problem:    Vim9: some wincmd arguments cause a white space error.
Solution:   Insert a space before the count. (closes #8001)
Files:      src/window.c, src/testdir/test_vim9_cmd.vim

Patch 8.2.2650
Problem:    Vim9: command modifiers not handled in nested function.
Solution:   Keep function-local info in a structure and save it on the stack.
Files:      src/vim9execute.c, src/vim9.h, src/testdir/test_vim9_func.vim

Patch 8.2.2651
Problem:    Vim9: restoring command modifiers happens after jump.
Solution:   Move the restore instruction to before the jump. (closes #8006)
            Also handle for and while.
Files:      src/vim9compile.c, src/vim9execute.c,
            src/testdir/test_vim9_disassemble.vim

Patch 8.2.2652
Problem:    Vim9: can use command modifier without an effect.
Solution:   Give an error for a misplaced command modifier.  Fix error message
            number.
Files:      src/vim9compile.c, src/ex_docmd.c, src/proto/ex_docmd.pro,
            src/ex_eval.c, src/testdir/test_vim9_cmd.vim,
            src/testdir/test_vim9_builtin.vim,
            src/testdir/test_vim9_disassemble.vim

Patch 8.2.2653
Problem:    Build failure.
Solution:   Add missing changes.
Files:      src/errors.h

Patch 8.2.2654
Problem:    Vim9: getting a character from a string can be slow.
Solution:   Avoid a function call to get the character byte size. (#8000)
Files:      src/vim9execute.vim

Patch 8.2.2655
Problem:    The -w command line argument doesn't work.
Solution:   Don't set 'window' when set with the -w argument. (closes #8011)
Files:      src/term.c, src/testdir/test_startup.vim

Patch 8.2.2656
Problem:    Some command line arguments and regexp errors not tested.
Solution:   Add a few test cases. (Dominique Pellé, closes #8013)
Files:      src/testdir/test_regexp_latin.vim, src/testdir/test_startup.vim

Patch 8.2.2657
Problem:    Vim9: error message for declaring variable in for loop.
Solution:   Clear variables when entering block again. (closes #8012)
Files:      src/ex_eval.c, src/testdir/test_vim9_script.vim

Patch 8.2.2658
Problem:    :for cannot loop over a string.
Solution:   Accept a string argument and iterate over its characters.
Files:      runtime/doc/eval.txt, src/eval.c, src/vim9compile.c,
            src/vim9execute.c, src/errors.h, src/testdir/test_vimscript.vim,
            src/testdir/test_vim9_disassemble.vim,
            src/testdir/test_vim9_script.vim

Patch 8.2.2659 (after 8.2.2658)
Problem:    Eval test fails because for loop on string works.
Solution:   Check looping over function reference fails.
Files:      src/testdir/test_eval_stuff.vim

Patch 8.2.2660
Problem:    Vim9: no error for declaration with trailing text.
Solution:   Give an error. (closes #8014)
Files:      src/evalvars.c, src/testdir/test_vim9_assign.vim

Patch 8.2.2661
Problem:    Leaking memory when looping over a string.
Solution:   Free the memory.
Files:      src/eval.c

Patch 8.2.2662
Problem:    There is no way to avoid some escape sequences.
Solution:   Suppress escape sequences when the --not-a-term argument is used.
            (Gary Johnson)
Files:      src/main.c, src/os_unix.c, src/testdir/test_startup.vim

Patch 8.2.2663
Problem:    Vim9: leaking memory when inline function has an error.
Solution:   Free the partially allocated function.
Files:      src/userfunc.c

Patch 8.2.2664
Problem:    Vim9: not enough function arguments checked for string.
Solution:   Check in balloon functions.  Refactor function arguments.
Files:      src/typval.c, src/proto/typval.pro, src/filepath.c,
            src/evalfunc.c, src/mbyte.c, src/testdir/test_vim9_builtin.vim

Patch 8.2.2665 (after 8.2.2664)
Problem:    Test failures.
Solution:   Check more specific feature.  Add missing change.
Files:      src/testdir/test_vim9_builtin.vim, src/evalbuffer.c

Patch 8.2.2666
Problem:    Vim9: not enough function arguments checked for string.
Solution:   Check in ch_logfile(), char2nr() and others.
Files:      src/channel.c, src/evalfunc.c, src/filepath.c, src/eval.c,
            src/testdir/test_vim9_builtin.vim

Patch 8.2.2667
Problem:    prop_find() cannot find item matching both id and type.
Solution:   Add the "both" argument. (Naohiro Ono, closes #8019)
Files:      runtime/doc/textprop.txt, src/testdir/test_textprop.vim,
            src/textprop.c

Patch 8.2.2668
Problem:    Vim9: omitting "call" for "confirm()" does not give an error.
Solution:   Do not recognize a modifier followed by "(".
Files:      src/ex_docmd.c, src/testdir/test_vim9_builtin.vim

Patch 8.2.2669
Problem:    Command line completion does not work after "vim9".
Solution:   Include the "9". (Naohiro Ono, closes #8025)
Files:      src/cmdexpand.c, src/ex_docmd.c, src/testdir/test_cmdline.vim

Patch 8.2.2670
Problem:    Vim9: error for append(0, text).
Solution:   Check for negative number. (closes #8022)
Files:      src/typval.c, src/testdir/test_vim9_builtin.vim

Patch 8.2.2671 (after 8.2.2670)
Problem:    Error for line number in legacy script.
Solution:   Check for number type.
Files:      src/typval.c

Patch 8.2.2672
Problem:    Vim9: cannot use :lockvar and :unlockvar in compiled script.
Solution:   Implement locking support.
Files:      src/vim9compile.c, src/errors.h, src/testdir/test_vim9_cmd.vim

Patch 8.2.2673
Problem:    Vim9: script-local funcref can have lower case name.
Solution:   Require an upper case name.
Files:      src/evalvars.c, src/testdir/test_vim9_assign.vim

Patch 8.2.2674
Problem:    Motif: cancelling the font dialog resets the font.
Solution:   When no font is selected to not change the font. (closes #7825,
            closes #8035)  Fix compiler warnings.
Files:      src/gui_x11.c, src/gui_motif.c

Patch 8.2.2675
Problem:    Directory change in a terminal window shell is not followed.
Solution:   Add the 'autoshelldir' option. (closes #6290)
Files:      runtime/doc/options.txt, runtime/doc/quickref.txt,
            runtime/optwin.vim, src/charset.c, src/feature.h, src/option.h,
            src/optiondefs.h, src/terminal.c, src/testdir/check.vim,
            src/testdir/test_terminal3.vim

Patch 8.2.2676
Problem:    Missing error message.
Solution:   Add new error message.
Files:      src/errors.h

Patch 8.2.2677
Problem:    Vim9: cannot use only some of the default arguments.
Solution:   Use v:none to use default argument value.  Remove
            uf_def_arg_idx[], use JUMP_IF_ARG_SET. (closes #6504)
Files:      runtime/doc/vim9.txt, src/vim9compile.c, src/vim9execute.c,
            src/userfunc.c, src/structs.h, src/vim9.h,
            src/testdir/test_vim9_disassemble.vim,
            src/testdir/test_vim9_func.vim

Patch 8.2.2678
Problem:    Test for 'autoshelldir' does not reset the option.
Solution:   Reset the option after testing.
Files:      src/testdir/test_terminal3.vim

Patch 8.2.2679
Problem:    Winbar drawn over status line for non-current window with winbar
            if frame is zero height. (Leonid V. Fedorenchik)
Solution:   Do not draw the window if the frame height is zero. (closes #8037)
Files:      src/drawscreen.c, src/testdir/test_winbar.vim,
            src/testdir/dumps/Test_winbar_not_visible.dump

Patch 8.2.2680
Problem:    Vim9: problem defining a script variable from legacy function.
Solution:   Check if the script is Vim9, not the current syntax.
            (closes #8032)
Files:      src/vim9script.c, src/proto/vim9script.pro, src/evalvars.c,
            src/testdir/test_vim9_script.vim

Patch 8.2.2681
Problem:    Vim9: test fails for redeclaring script variable.
Solution:   It's OK to assign to an existing script variable in legacy.
Files:      src/evalvars.c

Patch 8.2.2682
Problem:    Vim9: cannot find Name.Func from "import * as Name". (Alexander
            Goussas)
Solution:   When no variable found try finding a function. (closes #8045)
            Check that the function was exported.
Files:      src/vim9compile.c, src/vim9script.c,
            src/testdir/test_vim9_script.vim

Patch 8.2.2683
Problem:    Build failure without the +eval feature.
Solution:   Add #ifdef.
Files:      src/vim9script.c

Patch 8.2.2684
Problem:    Not enough folding code is tested.
Solution:   Add more test cases. (Yegappan Lakshmanan, closes #8046)
Files:      src/testdir/test_fold.vim, src/testdir/test_mksession.vim,
            src/testdir/test_source.vim

Patch 8.2.2685 (after 8.2.2152)
Problem:    Custom statusline not drawn correctly with WinBar.
Solution:   Also adjust the column for the custom status line. (Yee Cheng
            Chin, closes #8047)
Files:      src/drawscreen.c, src/proto/drawscreen.pro, src/screen.c,
            src/testdir/dumps/Test_winbar_not_visible_custom_statusline.dump,
            src/testdir/test_winbar.vim

Patch 8.2.2686
Problem:    Status line is not updated when going to cmdline mode.
Solution:   Redraw status lines if 'statusline' is set and going to status
            line mode. (based on patch from Justin M. Keyes et al.,
            closes #8044)
Files:      src/ex_getln.c, src/testdir/test_statusline.vim,
            src/testdir/dumps/Test_statusline_mode_1.dump,
            src/testdir/dumps/Test_statusline_mode_2.dump

Patch 8.2.2687
Problem:    Vim9: cannot use "const" for global variable in :def function.
Solution:   Do allow using :const for a global variable. (closes #8030)
Files:      src/vim9compile.c, src/vim9execute.c,
            src/testdir/test_vim9_assign.vim

Patch 8.2.2688
Problem:    Vim9: crash when using s: for script variable.
Solution:   Pass the end pointer. (closes #8045)
Files:      src/vim9compile.c, src/testdir/test_vim9_script.vim

Patch 8.2.2689
Problem:    Tiny build fails.
Solution:   Add #ifdef around use of p_stl.
Files:      src/ex_getln.c

Patch 8.2.2690
Problem:    PowerShell files are not recognized.
Solution:   Recognize several PowerShell extension. (Heath Stewart,
            closes #8051)
Files:      runtime/filetype.vim, src/testdir/test_filetype.vim

Patch 8.2.2691
Problem:    Autoconf may mess up compiler flags.
Solution:   Handle removing FORTIFY_SOURCE a bit better. (Vladimir Lomov,
            closes #8049)
Files:      src/configure.ac, src/auto/configure

Patch 8.2.2692
Problem:    Vim9: locked script variable can be changed.
Solution:   Check for locked value. (closes #8031)
Files:      src/vim9execute.c, src/testdir/test_vim9_assign.vim

Patch 8.2.2693
Problem:    Vim9: locked script variable can be changed.
Solution:   Check legacy script variable for being locked. (issue #8031)
Files:      src/vim9execute.c, src/testdir/test_vim9_assign.vim

Patch 8.2.2694
Problem:    When 'matchpairs' is empty every character beeps. (Marco Hinz)
Solution:   Bail out when no character in 'matchpairs' was found.
            (closes #8053)  Add assert_nobeep().
Files:      runtime/doc/testing.txt, runtime/doc/eval.txt, src/search.c,
            src/testing.c, src/proto/testing.pro, src/evalfunc.c,
            src/testdir/test_textformat.vim

Patch 8.2.2695
Problem:    Cursor position reset with nested autocommands.
Solution:   Only check and reset line numbers for not nested autocommands.
            (closes #5820)
Files:      src/autocmd.c, src/testdir/test_terminal.vim

Patch 8.2.2696
Problem:    Lua test fails with Lua 5.4.3 and later.
Solution:   Check for different error messages. (Yegappan Lakshmanan,
            closes #8050)
Files:      src/testdir/test_lua.vim

Patch 8.2.2697
Problem:    Function list test fails.
Solution:   Add missing function. (Yegappan Lakshmanan)
Files:      runtime/doc/usr_41.txt

Patch 8.2.2698 (after 8.2.2696)
Problem:    Lua test fails on MS-Windows.
Solution:   Fall back to old method if "lua -v" doesn't work.
Files:      src/testdir/test_lua.vim

Patch 8.2.2699
Problem:    Lua test fails.
Solution:   Fix condition. (Yegappan Lakshmanan, closes #8060)
Files:      src/testdir/test_lua.vim

Patch 8.2.2700
Problem:    Nested autocmd test fails sometimes.
Solution:   Wait for the job to finish.
Files:      src/testdir/test_terminal.vim

Patch 8.2.2701
Problem:    Order of removing FORTIFY_SOURCE is wrong.
Solution:   Use the more specific pattern first.
Files:      src/configure.ac, src/auto/configure

Patch 8.2.2702
Problem:    Compiler completion test fails when more scripts are added.
Solution:   Add a more generic pattern.
Files:      src/testdir/test_compiler.vim

Patch 8.2.2703
Problem:    Vim9: memory leak when failing on locked variable.
Solution:   Free the memory.
Files:      src/vim9execute.c, src/testdir/test_vim9_assign.vim

Patch 8.2.2704
Problem:    Adding a lot of completions can be a bit slow.
Solution:   Use fast_breakcheck() instead of ui_breakcheck() when adding a
            list of completions. (Ben Jackson, closes #8061)
Files:      src/insexpand.c

Patch 8.2.2705
Problem:    Vim9: misleading reported line number for wrong type.
Solution:   Remember and use the line number at the start. (closes #8059)
Files:      src/vim9compile.c, src/testdir/test_vim9_assign.vim

Patch 8.2.2706
Problem:    Vim9: wrong line number reported for boolean operator.
Solution:   Use the line number before skipping over line break.
            (closes #8058)
Files:      src/vim9compile.c, src/testdir/test_vim9_expr.vim

Patch 8.2.2707 (after 8.2.2704)
Problem:    Adding a lot of completions can still be a bit slow.
Solution:   Add the check for CP_FAST. (Ben Jackson)
Files:      src/insexpand.c

Patch 8.2.2708
Problem:    Test sometimes fails waiting for shell in terminal.
Solution:   Use WaitForAssert() so we can see the actual job status.  Use
            Run_shell_in_terminal().
Files:      src/testdir/term_util.vim, src/testdir/test_mksession.vim

Patch 8.2.2709
Problem:    The GTK GUI has a gap next to the scrollbar.
Solution:   Calculate the scrollbar padding for GTK. (closes #8027)
Files:      src/gui_gtk.c

Patch 8.2.2710
Problem:    Vim9: not all tests cover script and :def function.
Solution:   Run tests in both if possible. Fix differences.
Files:      src/eval.c, src/vim9compile.c, src/vim9execute.c,
            src/testdir/vim9.vim, src/testdir/test_vim9_expr.vim

Patch 8.2.2711
Problem:    "gj" in a closed fold does not move out of the fold. (Marco Hinz)
Solution:   Add a check for being in a closed fold. (closes #8062)
Files:      src/normal.c, src/testdir/test_fold.vim

Patch 8.2.2712
Problem:    Memory leak when adding to a blob fails.
Solution:   Clear the second typval before returning.
Files:      src/eval.c

Patch 8.2.2713
Problem:    Folding code not sufficiently tested.
Solution:   Add a few more test cases. (Yegappan Lakshmanan, closes #8064)
Files:      src/testdir/test_fold.vim

Patch 8.2.2714
Problem:    Filetype pattern ending in star is too far up.
Solution:   Move down to where patterns ending in star belong. (closes #8065)
Files:      runtime/filetype.vim, src/testdir/test_filetype.vim

Patch 8.2.2715
Problem:    Vim9: tests fail without the channel feature. (Dominique Pellé)
Solution:   Check for the channel feature. (closes #8063)
Files:      src/testdir/test_vim9_builtin.vim, src/testdir/test_vim9_expr.vim

Patch 8.2.2716
Problem:    The equivalent class regexp is missing some characters.
Solution:   Update the list of equivalent characters. (Dominique Pellé,
            closes #8029)
Files:      src/regexp_bt.c, src/regexp_nfa.c,
            src/testdir/test_regexp_utf8.vim

Patch 8.2.2717
Problem:    GTK menu items don't show a tooltip.
Solution:   Add a callback to show the tooltip. (Leonid V. Fedorenchik,
            closes #8067, closes #7810)
Files:      src/gui_gtk.c

Patch 8.2.2718
Problem:    Vim9: no explicit test for using a global function without the g:
            prefix.
Solution:   Add a test case.
Files:      src/testdir/test_vim9_func.vim

Patch 8.2.2719
Problem:    Vim9: appending to dict item doesn't work in a :def function.
Solution:   Implement assignment with operator on indexed item.
Files:      src/vim9compile.c, src/testdir/test_vim9_assign.vim

Patch 8.2.2720
Problem:    GTK menu tooltip moves the cursor.
Solution:   Position the cursor after displaying the tooltip.  Do not show the
            tooltip when editing the command line.
Files:      src/gui_gtk.c

Patch 8.2.2721
Problem:    Vim9: cannot have a linebreak inside a lambda.
Solution:   Compile the expression before the arguments.
Files:      src/vim9compile.c, src/testdir/test_vim9_expr.vim

Patch 8.2.2722
Problem:    Vim9: crash when using LHS with double index.
Solution:   Handle lhs_dest which is "dest_expr". (closes #8068)
            Fix confusing error message for missing dict item.
Files:      src/vim9compile.c, src/eval.c, src/testdir/test_vim9_assign.vim

Patch 8.2.2723 (after 8.2.2722)
Problem:    Assignment test fails.
Solution:   Adjust error number.
Files:      src/testdir/test_let.vim

Patch 8.2.2724 (after 8.2.2722)
Problem:    Vim9: concatenating to list in dict not tested.
Solution:   Add a test. (issue #8068)
Files:      src/testdir/test_vim9_assign.vim

Patch 8.2.2725
Problem:    Vim9: message about compiling is wrong when using try/catch.
Solution:   Store the compiling flag with the message. (closes #8071)
Files:      src/ex_docmd.c, src/ex_eval.c, src/structs.h,
            src/testdir/test_vim9_func.vim

Patch 8.2.2726
Problem:    Confusing error message with white space before comma in the
            arguments of a function declaration.
Solution:   Give a specific error message. (closes #2235)
Files:      src/userfunc.c, src/testdir/test_vim9_func.vim

Patch 8.2.2727 (after 8.2.2726)
Problem:    Function test fails.
Solution:   Adjust expected error number.
Files:      src/testdir/test_user_func.vim

Patch 8.2.2728
Problem:    Special key names don't work if 'isident' is cleared.
Solution:   Add vim_isNormalIDc() and use it for special key names.
            (closes #2389)
Files:      src/charset.c, src/proto/charset.pro, src/misc2.c,
            src/testdir/test_mapping.vim

Patch 8.2.2729
Problem:    Vim9: wrong error message for referring to legacy script variable.
Solution:   Do allow referring to a variable in legacy script without "s:" if
            it exists at compile time. (closes #8076)
Files:      src/vim9compile.c, src/testdir/test_vim9_assign.vim

Patch 8.2.2730
Problem:    Coverity complains about not restoring character.
Solution:   Also restore the character in case of an error.
Files:      src/vim9compile.c

Patch 8.2.2731
Problem:    Mac: SF symbols are not displayed properly.
Solution:   Add custom range to list of double-width characters. (Yee Cheng
            Chin, closes #8077)
Files:      src/mbyte.c

Patch 8.2.2732
Problem:    Prompt for s///c in Ex mode can be wrong.
Solution:   Position the cursor before showing the prompt. (closes #8073)
Files:      src/ex_cmds.c, src/testdir/test_ex_mode.vim

Patch 8.2.2733
Problem:    Detecting Lua version is not reliable.
Solution:   Add "vim.lua_version". (Ozaki Kiichi, closes #8080)
Files:      runtime/doc/if_lua.txt, ci/if_ver-1.vim, src/if_lua.c,
            src/testdir/test_lua.vim

Patch 8.2.2734
Problem:    Vim9: cannot use legacy script-local var from :def function.
Solution:   Do not insist on using "s:" prefix. (closes #8076)
Files:      src/vim9compile.c, src/proto/vim9compile.pro,
            src/testdir/test_vim9_expr.vim

Patch 8.2.2735
Problem:    Vim9: function reference found with prefix, not without.
Solution:   Also find function reference without prefix.
Files:      src/vim9compile.c, src/testdir/test_vim9_expr.vim

Patch 8.2.2736
Problem:    Vim9: for loop over string is a bit slow.
Solution:   Avoid using strlen().
Files:      src/vim9execute.c

Patch 8.2.2737
Problem:    Status line not updated when local 'statusline' option set.
Solution:   Check the 'statusline' option of each window.
Files:      src/ex_getln.c, src/testdir/test_statusline.vim,
            src/testdir/dumps/Test_statusline_mode_1.dump,
            src/testdir/dumps/Test_statusline_mode_2.dump

Patch 8.2.2738
Problem:    Extending a list with itself can give wrong result.
Solution:   Remember the item before where the insertion happens and skip to
            after the already inserted items. (closes #1112)
Files:      src/list.c, src/testdir/test_listdict.vim

Patch 8.2.2739
Problem:    Vim9: a lambda accepts too many arguments at the script level.
Solution:   Do not set uf_varargs in Vim9 script.
Files:      src/userfunc.c, src/testdir/test_vim9_func.vim,
            src/testdir/test_vim9_script.vim

Patch 8.2.2740
Problem:    Vim9: lambda with varargs doesn't work.
Solution:   Make "...name" work.  Require type to be a list.
Files:      src/userfunc.c, src/vim9compile.c, src/vim9execute.c,
            src/errors.h, src/testdir/test_vim9_func.vim,
            src/testdir/test_vim9_script.vim

Patch 8.2.2741
Problem:    Vim9: Partial call does not check right arguments.
Solution:   Adjust the offset for whether the partial is before or after the
            arguments. (closes #8091)
Files:      src/vim9compile.c, src/testdir/test_vim9_func.vim

Patch 8.2.2742
Problem:    Vim9: when compiling a function fails it is cleared.
Solution:   Keep the function lines, prevent execution with a different
            status. (closes #8093)
Files:      src/vim9compile.c, src/structs.h, src/vim9execute.c,
            src/testdir/test_vim9_func.vim

Patch 8.2.2743
Problem:    Vim9: function state stuck when compiling with ":silent!".
Solution:   Check for uf_def_status to be UF_COMPILING.
Files:      src/vim9compile.c, src/message.c, src/globals.h,
            src/testdir/test_vim9_func.vim

Patch 8.2.2744
Problem:    Vim9: no way to explicitly ignore an argument.
Solution:   Use the underscore as the name for an ignored argument.
Files:      runtime/doc/vim9.txt, src/vim9compile.c, src/eval.c,
            src/evalvars.c, src/errors.h, src/testdir/test_vim9_func.vim

Patch 8.2.2745 (after 8.2.2744)
Problem:    Vim9: missing part of the argument change.
Solution:   Add missing changes.
Files:      src/userfunc.c

Patch 8.2.2746 (after 8.2.2745)
Problem:    Check for duplicate arguments does not work.
Solution:   Correct condition.
Files:      src/userfunc.c

Patch 8.2.2747
Problem:    Vim9: not always an error for too many function arguments.
Solution:   Check for getting too many arguments.
Files:      src/vim9execute.c, src/testdir/test_vim9_func.vim,
            src/testdir/test_vim9_builtin.vim

Patch 8.2.2748
Problem:    Vim9: memory leak when calling :def function fails.
Solution:   Jump to failed_early instead of returning.
Files:      src/vim9execute.c

Patch 8.2.2749
Problem:    Vim9: test for error can be a bit flaky.
Solution:   Increase the wait time a bit.
Files:      src/testdir/test_vim9_script.vim

Patch 8.2.2750
Problem:    Vim9: error for using underscore in nested function.
Solution:   Do not consider "_" already defined. (closes #8096)
Files:      src/vim9compile.c, src/testdir/test_vim9_func.vim

Patch 8.2.2751
Problem:    Coverity warns for using NULL pointer.
Solution:   Check for NULL in calling function.
Files:      src/userfunc.c

Patch 8.2.2752
problem:    coverity reports unreachable code.
Solution:   Remove check for positive index.
Files:      src/typval.c

Patch 8.2.2753
Problem:    Vim9: cannot ignore an item in assignment unpack.
Solution:   Allow using an underscore.
Files:      runtime/doc/vim9.txt, src/vim.h, src/evalvars.c, src/eval.c,
            src/vim9compile.c, src/testdir/test_vim9_assign.vim

Patch 8.2.2754
Problem:    :sleep! does not always hide the cursor.
Solution:   Add the cursor_is_asleep flag. (Jeremy Lerner, closes #8097,
            closes #7998)
Files:      src/drawscreen.c, src/ex_docmd.c, src/gui.c, src/proto/term.pro,
            src/term.c

Patch 8.2.2755
Problem:    Vim9: no error for using a number in a condition.
Solution:   Also use ISN_COND2BOOL if the type is t_number_bool.
            (closes #7644)
Files:      src/vim9compile.c, src/testdir/test_vim9_expr.vim,
            src/testdir/test_vim9_disassemble.vim

Patch 8.2.2756
Problem:    Vim9: blob index and slice not implemented yet.
Solution:   Implement blob index and slice.
Files:      src/vim9compile.c, src/vim9.h, src/vim9execute.c, src/eval.c,
            src/blob.c, src/proto/blob.pro, src/testdir/test_vim9_expr.vim

Patch 8.2.2757
Problem:    Vim9: blob tests for legacy and Vim9 script are separate.
Solution:   Add CheckLegacyAndVim9Success().  Make blob index assign work.
Files:      src/vim9compile.c, src/vim9.h, src/vim9execute.c, src/errors.h,
            src/blob.c, src/proto/blob.pro, src/eval.c, src/ex_docmd.c,
            src/testdir/vim9.vim, src/testdir/test_blob.vim

Patch 8.2.2758
Problem:    Vim9: wrong line number for autoload function with wrong name.
Solution:   Set and restore SOURCING_LNUM. (closes #8100)
Files:      src/userfunc.c, src/testdir/test_vim9_func.vim

Patch 8.2.2759
Problem:    Vim9: for loop infers type of loop variable.
Solution:   Do not get the member type. (closes #8102)
Files:      src/vim9type.c, src/proto/vim9type.pro, src/list.c,
            src/vim9script.c, src/proto/vim9script.pro, src/vim.h,
            src/testdir/test_vim9_script.vim

Patch 8.2.2760
Problem:    Vim9: no error for changing a for loop variable.
Solution:   Make the loop variable read-only. (issue #8102)
Files:      src/eval.c, src/evalvars.c, src/vim9compile.c, src/vim.h,
            src/testdir/test_vim9_script.vim

Patch 8.2.2761
Problem:    Using "syn include" does not work properly.
Solution:   Don't add current_syn_inc_tag to topgrp. (Jaehwang Jerry Jung,
            closes #8104)
Files:      src/syntax.c, src/testdir/test_syntax.vim

Patch 8.2.2762
Problem:    Vim9: function line truncated when compiling.
Solution:   Copy the line before processing it. (closes #8101)
Files:      src/vim9compile.c, src/testdir/test_vim9_disassemble.vim

Patch 8.2.2763
Problem:    Vim9: cannot use type in for loop unpack at script level.
Solution:   Advance over the type name.
Files:      src/evalvars.c, src/testdir/test_vim9_script.vim

Patch 8.2.2764
Problem:    Memory leak when default function argument is allocated.
Solution:   Free the expression result.
Files:      src/userfunc.c, src/testdir/test_functions.vim

Patch 8.2.2765
Problem:    Vim9: not all blob operations work.
Solution:   Run more tests also with Vim9 script and :def functions.  Fix what
            doesn't work.
Files:      src/eval.c, src/blob.c, src/proto/blob.pro, src/vim9execute.c,
            src/errors.h, src/testdir/vim9.vim, src/testdir/test_blob.vim

Patch 8.2.2766 (after 8.2.2765)
Problem:    Test failure.
Solution:   Add change to Vim9 compilation error message.
Files:      src/vim9compile.c

Patch 8.2.2767 (after 8.2.2765)
Problem:    Compiler warning for unused argument.
Solution:   Remove the argument.
Files:      src/blob.c, src/proto/blob.pro, src/vim9execute.c, src/eval.c

Patch 8.2.2768
Problem:    Vim9: memory leak with blob range error.
Solution:   Jump to end instead of returning.
Files:      src/vim9compile.c

Patch 8.2.2769
Problem:    Modula-3 config files are not recognized.
Solution:   Add filetype patterns. (Doug Kearns)
Files:      runtime/filetype.vim, src/testdir/test_filetype.vim

Patch 8.2.2770
Problem:    Vim9: type of loop variable is not used.
Solution:   Parse and check the variable type. (closes #8107)
Files:      src/vim9compile.c, src/testdir/test_vim9_script.vim

Patch 8.2.2771
Problem:    Vim9: assignment not recognized if declaration was skipped.
